============================= test session starts =============================
platform win32 -- Python 3.9.19, pytest-7.2.0, pluggy-1.5.0 -- D:\Anaconda\envs\MindSpore\python.exe
cachedir: .pytest_cache
rootdir: E:\Documents\code\mindnlp\tests, configfile: pytest.ini
collecting ... collected 89 items

tests\ut\transformers\models\nllb_moe\test_modeling_nllb_moe.py::NllbMoeModelTest::test_assisted_decoding_matches_greedy_search_0_random hidden_state shape: (1, 7, 16)
hidden_state shape: (3, 16)
hidden_state shape: (3, 16)
hidden_state shape: (3, 16)
hidden_state shape: (5, 16)
hidden_state shape: (1, 16)
hidden_state shape: (0,)
hidden_state shape: (1, 7, 16)
hidden_state shape: (3, 16)
hidden_state shape: (6, 16)
hidden_state shape: (2, 16)
hidden_state shape: (3, 16)
hidden_state shape: (1, 16)
hidden_state shape: (0,)
hidden_state shape: (1, 7, 16)
hidden_state shape: (7, 16)
hidden_state shape: (0,)
hidden_state shape: (1, 7, 16)
hidden_state shape: (6, 16)
hidden_state shape: (0,)
hidden_state shape: (1, 7, 16)
hidden_state shape: (2, 16)
hidden_state shape: (2, 16)
hidden_state shape: (4, 16)
hidden_state shape: (6, 16)
hidden_state shape: (1, 16)
hidden_state shape: (0,)
FAILED
tests\ut\transformers\models\nllb_moe\test_modeling_nllb_moe.py::NllbMoeModelTest::test_assisted_decoding_matches_greedy_search_1_same hidden_state shape: (1, 7, 16)
hidden_state shape: (3, 16)
hidden_state shape: (6, 16)
hidden_state shape: (2, 16)
hidden_state shape: (3, 16)
hidden_state shape: (1, 16)
hidden_state shape: (0,)
hidden_state shape: (1, 7, 16)
hidden_state shape: (7, 16)
hidden_state shape: (3, 16)
hidden_state shape: (0,)
hidden_state shape: (1, 7, 16)
hidden_state shape: (2, 16)
hidden_state shape: (7, 16)
hidden_state shape: (2, 16)
hidden_state shape: (3, 16)
hidden_state shape: (1, 16)
hidden_state shape: (0,)
hidden_state shape: (1, 7, 16)
hidden_state shape: (6, 16)
hidden_state shape: (1, 16)
hidden_state shape: (0,)
hidden_state shape: (1, 7, 16)
hidden_state shape: (2, 16)
hidden_state shape: (3, 16)
hidden_state shape: (3, 16)
hidden_state shape: (6, 16)
hidden_state shape: (0,)
FAILED
tests\ut\transformers\models\nllb_moe\test_modeling_nllb_moe.py::NllbMoeModelTest::test_assisted_decoding_sample hidden_state shape: (1, 7, 16)
hidden_state shape: (1, 16)
hidden_state shape: (6, 16)
hidden_state shape: (0,)
FAILED
tests\ut\transformers\models\nllb_moe\test_modeling_nllb_moe.py::NllbMoeModelTest::test_attention_outputs hidden_state shape: (13, 7, 16)
hidden_state shape: (66, 16)
hidden_state shape: (69, 16)
hidden_state shape: (21, 16)
hidden_state shape: (26, 16)
hidden_state shape: (39, 16)
hidden_state shape: (25, 16)
hidden_state shape: (60, 16)
hidden_state shape: (58, 16)
hidden_state shape: (0,)
FAILED
tests\ut\transformers\models\nllb_moe\test_modeling_nllb_moe.py::NllbMoeModelTest::test_batching_equivalence hidden_state shape: (13, 7, 16)
hidden_state shape: (0,)
FAILED
tests\ut\transformers\models\nllb_moe\test_modeling_nllb_moe.py::NllbMoeModelTest::test_beam_sample_generate hidden_state shape: (2, 7, 16)
hidden_state shape: (3, 16)
hidden_state shape: (8, 16)
hidden_state shape: (3, 16)
hidden_state shape: (14, 16)
hidden_state shape: (4, 16)
hidden_state shape: (0,)
FAILED
tests\ut\transformers\models\nllb_moe\test_modeling_nllb_moe.py::NllbMoeModelTest::test_beam_sample_generate_dict_output hidden_state shape: (2, 7, 16)
hidden_state shape: (10, 16)
hidden_state shape: (1, 16)
hidden_state shape: (12, 16)
hidden_state shape: (5, 16)
hidden_state shape: (0,)
FAILED
tests\ut\transformers\models\nllb_moe\test_modeling_nllb_moe.py::NllbMoeModelTest::test_beam_search_generate hidden_state shape: (2, 7, 16)
hidden_state shape: (10, 16)
hidden_state shape: (0,)
FAILED
tests\ut\transformers\models\nllb_moe\test_modeling_nllb_moe.py::NllbMoeModelTest::test_beam_search_generate_dict_output hidden_state shape: (2, 7, 16)
hidden_state shape: (13, 16)
hidden_state shape: (0,)
FAILED
tests\ut\transformers\models\nllb_moe\test_modeling_nllb_moe.py::NllbMoeModelTest::test_beam_search_generate_dict_outputs_use_cache hidden_state shape: (2, 7, 16)
hidden_state shape: (6, 16)
hidden_state shape: (1, 16)
hidden_state shape: (9, 16)
hidden_state shape: (12, 16)
hidden_state shape: (4, 16)
hidden_state shape: (0,)
FAILED
tests\ut\transformers\models\nllb_moe\test_modeling_nllb_moe.py::NllbMoeModelTest::test_beam_search_low_memory hidden_state shape: (2, 7, 16)
hidden_state shape: (10, 16)
hidden_state shape: (12, 16)
hidden_state shape: (3, 16)
hidden_state shape: (3, 16)
hidden_state shape: (0,)
FAILED
tests\ut\transformers\models\nllb_moe\test_modeling_nllb_moe.py::NllbMoeModelTest::test_can_use_safetensors PASSED
tests\ut\transformers\models\nllb_moe\test_modeling_nllb_moe.py::NllbMoeModelTest::test_config PASSED
tests\ut\transformers\models\nllb_moe\test_modeling_nllb_moe.py::NllbMoeModelTest::test_constrained_beam_search_generate hidden_state shape: (2, 7, 16)
hidden_state shape: (0,)
hidden_state shape: (2, 7, 16)
hidden_state shape: (3, 16)
hidden_state shape: (7, 16)
hidden_state shape: (8, 16)
hidden_state shape: (10, 16)
hidden_state shape: (0,)
hidden_state shape: (2, 7, 16)
hidden_state shape: (2, 16)
hidden_state shape: (12, 16)
hidden_state shape: (14, 16)
hidden_state shape: (0,)
hidden_state shape: (2, 7, 16)
hidden_state shape: (0,)
hidden_state shape: (2, 7, 16)
hidden_state shape: (14, 16)
hidden_state shape: (7, 16)
hidden_state shape: (0,)
FAILED
tests\ut\transformers\models\nllb_moe\test_modeling_nllb_moe.py::NllbMoeModelTest::test_constrained_beam_search_generate_dict_output hidden_state shape: (2, 7, 16)
hidden_state shape: (4, 16)
hidden_state shape: (1, 16)
hidden_state shape: (14, 16)
hidden_state shape: (9, 16)
hidden_state shape: (0,)
FAILED
tests\ut\transformers\models\nllb_moe\test_modeling_nllb_moe.py::NllbMoeModelTest::test_contrastive_generate hidden_state shape: (2, 7, 16)
hidden_state shape: (5, 16)
hidden_state shape: (12, 16)
hidden_state shape: (11, 16)
hidden_state shape: (0,)
FAILED
tests\ut\transformers\models\nllb_moe\test_modeling_nllb_moe.py::NllbMoeModelTest::test_contrastive_generate_dict_outputs_use_cache hidden_state shape: (2, 7, 16)
hidden_state shape: (6, 16)
hidden_state shape: (9, 16)
hidden_state shape: (13, 16)
hidden_state shape: (0,)
FAILED
tests\ut\transformers\models\nllb_moe\test_modeling_nllb_moe.py::NllbMoeModelTest::test_contrastive_generate_low_memory hidden_state shape: (1, 7, 16)
hidden_state shape: (0,)
FAILED
tests\ut\transformers\models\nllb_moe\test_modeling_nllb_moe.py::NllbMoeModelTest::test_correct_missing_keys PASSED
tests\ut\transformers\models\nllb_moe\test_modeling_nllb_moe.py::NllbMoeModelTest::test_custom_4d_attention_mask SKIPPED
tests\ut\transformers\models\nllb_moe\test_modeling_nllb_moe.py::NllbMoeModelTest::test_decoder_model_past_with_large_inputs hidden_state shape: (13, 7, 16)
hidden_state shape: (13, 7, 16)
FAILED
tests\ut\transformers\models\nllb_moe\test_modeling_nllb_moe.py::NllbMoeModelTest::test_determinism hidden_state shape: (13, 7, 16)
hidden_state shape: (65, 16)
hidden_state shape: (26, 16)
hidden_state shape: (91, 16)
hidden_state shape: (0,)
FAILED
tests\ut\transformers\models\nllb_moe\test_modeling_nllb_moe.py::NllbMoeModelTest::test_dola_decoding_sample SKIPPED
tests\ut\transformers\models\nllb_moe\test_modeling_nllb_moe.py::NllbMoeModelTest::test_encoder_decoder_model_standalone hidden_state shape: (13, 7, 16)
hidden_state shape: (54, 16)
hidden_state shape: (49, 16)
hidden_state shape: (52, 16)
hidden_state shape: (27, 16)
hidden_state shape: (3, 16)
hidden_state shape: (91, 16)
hidden_state shape: (7, 16)
hidden_state shape: (81, 16)
hidden_state shape: (52, 16)
hidden_state shape: (43, 16)
hidden_state shape: (53, 16)
hidden_state shape: (34, 16)
hidden_state shape: (13, 7, 16)
hidden_state shape: (54, 16)
hidden_state shape: (49, 16)
hidden_state shape: (52, 16)
hidden_state shape: (27, 16)
hidden_state shape: (3, 16)
hidden_state shape: (91, 16)
hidden_state shape: (7, 16)
hidden_state shape: (81, 16)
hidden_state shape: (52, 16)
hidden_state shape: (43, 16)
hidden_state shape: (53, 16)
hidden_state shape: (34, 16)
PASSED
tests\ut\transformers\models\nllb_moe\test_modeling_nllb_moe.py::NllbMoeModelTest::test_feed_forward_chunking hidden_state shape: (13, 7, 16)
hidden_state shape: (58, 16)
hidden_state shape: (13, 16)
hidden_state shape: (72, 16)
hidden_state shape: (39, 16)
hidden_state shape: (37, 16)
hidden_state shape: (43, 16)
hidden_state shape: (15, 16)
hidden_state shape: (87, 16)
hidden_state shape: (39, 16)
hidden_state shape: (71, 16)
hidden_state shape: (0,)
FAILED
tests\ut\transformers\models\nllb_moe\test_modeling_nllb_moe.py::NllbMoeModelTest::test_from_pretrained_no_checkpoint PASSED
tests\ut\transformers\models\nllb_moe\test_modeling_nllb_moe.py::NllbMoeModelTest::test_generate_continue_from_past_key_values hidden_state shape: (13, 7, 16)
hidden_state shape: (91, 16)
hidden_state shape: (69, 16)
hidden_state shape: (1, 16)
hidden_state shape: (21, 16)
hidden_state shape: (18, 16)
hidden_state shape: (53, 16)
hidden_state shape: (30, 16)
hidden_state shape: (81, 16)
hidden_state shape: (52, 16)
hidden_state shape: (0,)
FAILED
tests\ut\transformers\models\nllb_moe\test_modeling_nllb_moe.py::NllbMoeModelTest::test_generate_fp16 hidden_state shape: (13, 7, 16)
FAILED
tests\ut\transformers\models\nllb_moe\test_modeling_nllb_moe.py::NllbMoeModelTest::test_generate_from_inputs_embeds_decoder_only PASSED
tests\ut\transformers\models\nllb_moe\test_modeling_nllb_moe.py::NllbMoeModelTest::test_generate_with_head_masking hidden_state shape: (2, 7, 16)
hidden_state shape: (12, 16)
hidden_state shape: (3, 16)
hidden_state shape: (13, 16)
hidden_state shape: (0,)
FAILED
tests\ut\transformers\models\nllb_moe\test_modeling_nllb_moe.py::NllbMoeModelTest::test_generate_without_input_ids hidden_state shape: (1, 1, 16)
hidden_state shape: (1, 16)
hidden_state shape: (0,)
FAILED
tests\ut\transformers\models\nllb_moe\test_modeling_nllb_moe.py::NllbMoeModelTest::test_get_loss hidden_state shape: (13, 7, 16)
hidden_state shape: (45, 16)
hidden_state shape: (0,)
FAILED
tests\ut\transformers\models\nllb_moe\test_modeling_nllb_moe.py::NllbMoeModelTest::test_gradient_checkpointing_backward_compatibility PASSED
tests\ut\transformers\models\nllb_moe\test_modeling_nllb_moe.py::NllbMoeModelTest::test_gradient_checkpointing_enable_disable PASSED
tests\ut\transformers\models\nllb_moe\test_modeling_nllb_moe.py::NllbMoeModelTest::test_greedy_generate hidden_state shape: (2, 7, 16)
hidden_state shape: (14, 16)
hidden_state shape: (0,)
FAILED
tests\ut\transformers\models\nllb_moe\test_modeling_nllb_moe.py::NllbMoeModelTest::test_greedy_generate_dict_outputs hidden_state shape: (2, 7, 16)
hidden_state shape: (0,)
FAILED
tests\ut\transformers\models\nllb_moe\test_modeling_nllb_moe.py::NllbMoeModelTest::test_greedy_generate_dict_outputs_use_cache hidden_state shape: (2, 7, 16)
hidden_state shape: (5, 16)
hidden_state shape: (0,)
FAILED
tests\ut\transformers\models\nllb_moe\test_modeling_nllb_moe.py::NllbMoeModelTest::test_group_beam_search_generate hidden_state shape: (2, 7, 16)
hidden_state shape: (2, 16)
hidden_state shape: (14, 16)
hidden_state shape: (12, 16)
hidden_state shape: (0,)
FAILED
tests\ut\transformers\models\nllb_moe\test_modeling_nllb_moe.py::NllbMoeModelTest::test_group_beam_search_generate_dict_output hidden_state shape: (2, 7, 16)
hidden_state shape: (0,)
FAILED
tests\ut\transformers\models\nllb_moe\test_modeling_nllb_moe.py::NllbMoeModelTest::test_head_pruning SKIPPED
tests\ut\transformers\models\nllb_moe\test_modeling_nllb_moe.py::NllbMoeModelTest::test_head_pruning_integration SKIPPED
tests\ut\transformers\models\nllb_moe\test_modeling_nllb_moe.py::NllbMoeModelTest::test_head_pruning_save_load_from_config_init SKIPPED
tests\ut\transformers\models\nllb_moe\test_modeling_nllb_moe.py::NllbMoeModelTest::test_head_pruning_save_load_from_pretrained SKIPPED
tests\ut\transformers\models\nllb_moe\test_modeling_nllb_moe.py::NllbMoeModelTest::test_headmasking hidden_state shape: (13, 7, 16)
hidden_state shape: (91, 16)
hidden_state shape: (65, 16)
hidden_state shape: (0,)
FAILED
tests\ut\transformers\models\nllb_moe\test_modeling_nllb_moe.py::NllbMoeModelTest::test_hidden_states_output hidden_state shape: (13, 7, 16)
hidden_state shape: (49, 16)
hidden_state shape: (42, 16)
hidden_state shape: (2, 16)
hidden_state shape: (89, 16)
hidden_state shape: (76, 16)
hidden_state shape: (33, 16)
hidden_state shape: (40, 16)
hidden_state shape: (33, 16)
hidden_state shape: (79, 16)
hidden_state shape: (0,)
FAILED
tests\ut\transformers\models\nllb_moe\test_modeling_nllb_moe.py::NllbMoeModelTest::test_initialization PASSED
tests\ut\transformers\models\nllb_moe\test_modeling_nllb_moe.py::NllbMoeModelTest::test_inputs_embeds hidden_state shape: (13, 7, 16)
hidden_state shape: (0,)
FAILED
tests\ut\transformers\models\nllb_moe\test_modeling_nllb_moe.py::NllbMoeModelTest::test_inputs_embeds_matches_input_ids hidden_state shape: (13, 7, 16)
hidden_state shape: (10, 16)
hidden_state shape: (26, 16)
hidden_state shape: (91, 16)
hidden_state shape: (55, 16)
hidden_state shape: (10, 16)
hidden_state shape: (19, 16)
hidden_state shape: (62, 16)
hidden_state shape: (91, 16)
hidden_state shape: (0,)
FAILED
tests\ut\transformers\models\nllb_moe\test_modeling_nllb_moe.py::NllbMoeModelTest::test_keep_in_fp32_modules SKIPPED
tests\ut\transformers\models\nllb_moe\test_modeling_nllb_moe.py::NllbMoeModelTest::test_left_padding_compatibility SKIPPED
tests\ut\transformers\models\nllb_moe\test_modeling_nllb_moe.py::NllbMoeModelTest::test_load_save_without_tied_weights SKIPPED
tests\ut\transformers\models\nllb_moe\test_modeling_nllb_moe.py::NllbMoeModelTest::test_load_with_mismatched_shapes PASSED
tests\ut\transformers\models\nllb_moe\test_modeling_nllb_moe.py::NllbMoeModelTest::test_matched_shapes_have_loaded_weights_when_some_mismatched_shapes_exist PASSED
tests\ut\transformers\models\nllb_moe\test_modeling_nllb_moe.py::NllbMoeModelTest::test_mindspore_save_load SKIPPED
tests\ut\transformers\models\nllb_moe\test_modeling_nllb_moe.py::NllbMoeModelTest::test_mismatched_shapes_have_properly_initialized_weights PASSED
tests\ut\transformers\models\nllb_moe\test_modeling_nllb_moe.py::NllbMoeModelTest::test_model_get_set_embeddings PASSED
tests\ut\transformers\models\nllb_moe\test_modeling_nllb_moe.py::NllbMoeModelTest::test_model_is_small PASSED
tests\ut\transformers\models\nllb_moe\test_modeling_nllb_moe.py::NllbMoeModelTest::test_model_main_input_name PASSED
tests\ut\transformers\models\nllb_moe\test_modeling_nllb_moe.py::NllbMoeModelTest::test_model_outputs_equivalence hidden_state shape: (13, 7, 16)
hidden_state shape: (60, 16)
hidden_state shape: (69, 16)
hidden_state shape: (29, 16)
hidden_state shape: (24, 16)
hidden_state shape: (0,)
FAILED
tests\ut\transformers\models\nllb_moe\test_modeling_nllb_moe.py::NllbMoeModelTest::test_model_weights_reload_no_missing_tied_weights PASSED
tests\ut\transformers\models\nllb_moe\test_modeling_nllb_moe.py::NllbMoeModelTest::test_new_cache_format_0 SKIPPED
tests\ut\transformers\models\nllb_moe\test_modeling_nllb_moe.py::NllbMoeModelTest::test_new_cache_format_1 SKIPPED
tests\ut\transformers\models\nllb_moe\test_modeling_nllb_moe.py::NllbMoeModelTest::test_new_cache_format_2 SKIPPED
tests\ut\transformers\models\nllb_moe\test_modeling_nllb_moe.py::NllbMoeModelTest::test_past_key_values_format hidden_state shape: (13, 7, 16)
hidden_state shape: (4, 16)
hidden_state shape: (69, 16)
hidden_state shape: (21, 16)
hidden_state shape: (88, 16)
hidden_state shape: (72, 16)
hidden_state shape: (28, 16)
hidden_state shape: (77, 16)
hidden_state shape: (5, 16)
hidden_state shape: (6, 16)
hidden_state shape: (45, 16)
hidden_state shape: (61, 16)
hidden_state shape: (70, 16)
PASSED
tests\ut\transformers\models\nllb_moe\test_modeling_nllb_moe.py::NllbMoeModelTest::test_problem_types PASSED
tests\ut\transformers\models\nllb_moe\test_modeling_nllb_moe.py::NllbMoeModelTest::test_prompt_lookup_decoding_matches_greedy_search hidden_state shape: (1, 7, 16)
hidden_state shape: (3, 16)
hidden_state shape: (3, 16)
hidden_state shape: (7, 16)
hidden_state shape: (1, 16)
hidden_state shape: (0,)
hidden_state shape: (1, 7, 16)
hidden_state shape: (7, 16)
hidden_state shape: (1, 16)
hidden_state shape: (0,)
hidden_state shape: (1, 7, 16)
hidden_state shape: (7, 16)
hidden_state shape: (0,)
hidden_state shape: (1, 7, 16)
hidden_state shape: (0,)
hidden_state shape: (1, 7, 16)
hidden_state shape: (0,)
FAILED
tests\ut\transformers\models\nllb_moe\test_modeling_nllb_moe.py::NllbMoeModelTest::test_prompt_lookup_decoding_stops_at_eos PASSED
tests\ut\transformers\models\nllb_moe\test_modeling_nllb_moe.py::NllbMoeModelTest::test_resize_embeddings_untied hidden_state shape: (13, 7, 16)
hidden_state shape: (22, 16)
hidden_state shape: (69, 16)
hidden_state shape: (64, 16)
hidden_state shape: (27, 16)
hidden_state shape: (5, 16)
hidden_state shape: (44, 16)
hidden_state shape: (59, 16)
hidden_state shape: (74, 16)
hidden_state shape: (7, 16)
hidden_state shape: (57, 16)
hidden_state shape: (46, 16)
hidden_state shape: (72, 16)
hidden_state shape: (13, 7, 16)
hidden_state shape: (18, 16)
hidden_state shape: (70, 16)
hidden_state shape: (66, 16)
hidden_state shape: (28, 16)
hidden_state shape: (14, 16)
hidden_state shape: (49, 16)
hidden_state shape: (52, 16)
hidden_state shape: (67, 16)
hidden_state shape: (6, 16)
hidden_state shape: (50, 16)
hidden_state shape: (54, 16)
hidden_state shape: (72, 16)
PASSED
tests\ut\transformers\models\nllb_moe\test_modeling_nllb_moe.py::NllbMoeModelTest::test_resize_position_vector_embeddings SKIPPED
tests\ut\transformers\models\nllb_moe\test_modeling_nllb_moe.py::NllbMoeModelTest::test_resize_tokens_embeddings hidden_state shape: (13, 7, 16)
hidden_state shape: (3, 16)
hidden_state shape: (22, 16)
hidden_state shape: (88, 16)
hidden_state shape: (69, 16)
hidden_state shape: (0,)
FAILED
tests\ut\transformers\models\nllb_moe\test_modeling_nllb_moe.py::NllbMoeModelTest::test_sample_generate hidden_state shape: (2, 7, 16)
hidden_state shape: (5, 16)
hidden_state shape: (8, 16)
hidden_state shape: (1, 16)
hidden_state shape: (14, 16)
hidden_state shape: (2, 16)
hidden_state shape: (2, 16)
hidden_state shape: (0,)
FAILED
tests\ut\transformers\models\nllb_moe\test_modeling_nllb_moe.py::NllbMoeModelTest::test_sample_generate_dict_output hidden_state shape: (2, 7, 16)
hidden_state shape: (9, 16)
hidden_state shape: (2, 16)
hidden_state shape: (11, 16)
hidden_state shape: (6, 16)
hidden_state shape: (0,)
FAILED
tests\ut\transformers\models\nllb_moe\test_modeling_nllb_moe.py::NllbMoeModelTest::test_save_load hidden_state shape: (13, 7, 16)
hidden_state shape: (65, 16)
hidden_state shape: (8, 16)
hidden_state shape: (70, 16)
hidden_state shape: (39, 16)
hidden_state shape: (36, 16)
hidden_state shape: (45, 16)
hidden_state shape: (14, 16)
hidden_state shape: (87, 16)
hidden_state shape: (34, 16)
hidden_state shape: (74, 16)
hidden_state shape: (0,)
FAILED
tests\ut\transformers\models\nllb_moe\test_modeling_nllb_moe.py::NllbMoeModelTest::test_save_load_fast_init_from_base SKIPPED
tests\ut\transformers\models\nllb_moe\test_modeling_nllb_moe.py::NllbMoeModelTest::test_save_load_fast_init_to_base SKIPPED
tests\ut\transformers\models\nllb_moe\test_modeling_nllb_moe.py::NllbMoeModelTest::test_save_load_keys_to_ignore_on_save PASSED
tests\ut\transformers\models\nllb_moe\test_modeling_nllb_moe.py::NllbMoeModelTest::test_save_load_strict PASSED
tests\ut\transformers\models\nllb_moe\test_modeling_nllb_moe.py::NllbMoeModelTest::test_tie_model_weights PASSED
tests\ut\transformers\models\nllb_moe\test_modeling_nllb_moe.py::NllbMoeModelTest::test_tied_weights_keys PASSED
tests\ut\transformers\models\nllb_moe\test_modeling_nllb_moe.py::NllbMoeModelTest::test_training hidden_state shape: (13, 7, 16)
hidden_state shape: (80, 16)
hidden_state shape: (9, 16)
hidden_state shape: (88, 16)
hidden_state shape: (5, 16)
hidden_state shape: (44, 16)
hidden_state shape: (3, 16)
hidden_state shape: (86, 16)
hidden_state shape: (49, 16)
hidden_state shape: (77, 16)
hidden_state shape: (6, 16)
hidden_state shape: (22, 16)
hidden_state shape: (77, 16)
PASSED
tests\ut\transformers\models\nllb_moe\test_modeling_nllb_moe.py::NllbMoeModelTest::test_training_gradient_checkpointing SKIPPED
tests\ut\transformers\models\nllb_moe\test_modeling_nllb_moe.py::NllbMoeModelTest::test_training_gradient_checkpointing_use_reentrant SKIPPED
tests\ut\transformers\models\nllb_moe\test_modeling_nllb_moe.py::NllbMoeModelTest::test_training_gradient_checkpointing_use_reentrant_false SKIPPED
tests\ut\transformers\models\nllb_moe\test_modeling_nllb_moe.py::NllbMoeModelIntegrationTests::test_inference_logits SKIPPED
tests\ut\transformers\models\nllb_moe\test_modeling_nllb_moe.py::NllbMoeModelIntegrationTests::test_large_logits SKIPPED
tests\ut\transformers\models\nllb_moe\test_modeling_nllb_moe.py::NllbMoeModelIntegrationTests::test_seq_to_seq_generation SKIPPED
tests\ut\transformers\models\nllb_moe\test_modeling_nllb_moe.py::NllbMoeRouterTest::test_batch_prioritized_routing FAILED
tests\ut\transformers\models\nllb_moe\test_modeling_nllb_moe.py::NllbMoeRouterTest::test_second_expert_policy PASSED
tests\ut\transformers\models\nllb_moe\test_modeling_nllb_moe.py::NllbMoeRouterTest::test_top_2_routing token_indices.shape: (40,)
masked_hidden_states[idx, token_indices].shape: (1, 32)
expert_output.shape: (1, 32)
FAILED

================================== FAILURES ===================================
___ NllbMoeModelTest.test_assisted_decoding_matches_greedy_search_0_random ____

a = (<tests.ut.transformers.models.nllb_moe.test_modeling_nllb_moe.NllbMoeModelTest testMethod=test_assisted_decoding_matches_greedy_search_0_random>,)
kw = {}

    @wraps(func)
    def standalone_func(*a, **kw):
>       return func(*(a + p.args), **p.kwargs, **kw)

D:\Anaconda\envs\MindSpore\lib\site-packages\parameterized\parameterized.py:620: 
_ _ _ _ _ _ _ _ _ _ _ _ _ _ _ _ _ _ _ _ _ _ _ _ _ _ _ _ _ _ _ _ _ _ _ _ _ _ _ _
mindnlp\utils\testing_utils.py:1770: in wrapper
    return test_func_ref(*args, **kwargs)
tests\ut\transformers\generation\test_utils.py:1156: in test_assisted_decoding_matches_greedy_search
    output_greedy = model.generate(input_ids, attention_mask=attention_mask, **generation_kwargs)
D:\Anaconda\envs\MindSpore\lib\contextlib.py:79: in inner
    return func(*args, **kwds)
mindnlp\transformers\generation\utils.py:1964: in generate
    result = self._sample(
mindnlp\transformers\generation\utils.py:2917: in _sample
    outputs = self(**model_inputs, return_dict=True)
mindnlp\core\nn\modules\module.py:338: in _wrapped_call_impl
    return self._call_impl(*args, **kwargs)
mindnlp\core\nn\modules\module.py:349: in _call_impl
    return forward_call(*args, **kwargs)
mindnlp\transformers\models\nllb_moe\modeling_nllb_moe.py:1727: in forward
    outputs = self.model(
mindnlp\core\nn\modules\module.py:338: in _wrapped_call_impl
    return self._call_impl(*args, **kwargs)
mindnlp\core\nn\modules\module.py:349: in _call_impl
    return forward_call(*args, **kwargs)
mindnlp\transformers\models\nllb_moe\modeling_nllb_moe.py:1617: in forward
    decoder_outputs = self.decoder(
mindnlp\core\nn\modules\module.py:338: in _wrapped_call_impl
    return self._call_impl(*args, **kwargs)
mindnlp\core\nn\modules\module.py:349: in _call_impl
    return forward_call(*args, **kwargs)
mindnlp\transformers\models\nllb_moe\modeling_nllb_moe.py:1457: in forward
    layer_outputs = decoder_layer(
mindnlp\core\nn\modules\module.py:338: in _wrapped_call_impl
    return self._call_impl(*args, **kwargs)
mindnlp\core\nn\modules\module.py:349: in _call_impl
    return forward_call(*args, **kwargs)
mindnlp\transformers\models\nllb_moe\modeling_nllb_moe.py:933: in forward
    hidden_states, router_states = self.ffn(hidden_states, attention_mask)
mindnlp\core\nn\modules\module.py:338: in _wrapped_call_impl
    return self._call_impl(*args, **kwargs)
mindnlp\core\nn\modules\module.py:349: in _call_impl
    return forward_call(*args, **kwargs)
mindnlp\transformers\models\nllb_moe\modeling_nllb_moe.py:547: in forward
    expert_output = expert(masked_hidden_states[idx, token_indices])
mindnlp\core\nn\modules\module.py:338: in _wrapped_call_impl
    return self._call_impl(*args, **kwargs)
mindnlp\core\nn\modules\module.py:349: in _call_impl
    return forward_call(*args, **kwargs)
mindnlp\transformers\models\nllb_moe\modeling_nllb_moe.py:468: in forward
    hidden_states = self.fc1(hidden_states)
mindnlp\core\nn\modules\module.py:338: in _wrapped_call_impl
    return self._call_impl(*args, **kwargs)
mindnlp\core\nn\modules\module.py:349: in _call_impl
    return forward_call(*args, **kwargs)
mindnlp\core\nn\modules\linear.py:60: in forward
    return F.linear(input, self.weight, self.bias)
mindnlp\core\nn\functional.py:172: in linear
    return dense_(input, weight, bias)
D:\Anaconda\envs\MindSpore\lib\site-packages\mindspore\ops\primitive.py:314: in __call__
    return _run_op(self, self.name, args)
D:\Anaconda\envs\MindSpore\lib\site-packages\mindspore\ops\primitive.py:913: in _run_op
    stub = _pynative_executor.run_op_async(obj, op_name, args)
_ _ _ _ _ _ _ _ _ _ _ _ _ _ _ _ _ _ _ _ _ _ _ _ _ _ _ _ _ _ _ _ _ _ _ _ _ _ _ _

self = <mindspore.common.api._PyNativeExecutor object at 0x000001DFBE9C1340>
args = (Prim[Dense]<has_bias=True>, 'Dense', (Tensor(shape=[0], dtype=Float32, value= ), Parameter (name=Parameter, shape=(4, 16), dtype=Float32, requires_grad=True), Parameter (name=Parameter, shape=(4,), dtype=Float32, requires_grad=True)))

    def run_op_async(self, *args):
        """
        Run single op async.
    
        Args:
            args (tuple): Op prim and input arguments.
    
        Return:
            StubNode, result of run op.
        """
>       return self._executor.run_op_async(*args)
E       ValueError: The dim of x should be larger than 1 if the dim of w is 2.
E       
E       ----------------------------------------------------
E       - C++ Call Stack: (For framework developers)
E       ----------------------------------------------------
E       mindspore\core\ops\dense.cc:114 mindspore::ops::DenseInfer::InferShape

D:\Anaconda\envs\MindSpore\lib\site-packages\mindspore\common\api.py:1186: ValueError
____ NllbMoeModelTest.test_assisted_decoding_matches_greedy_search_1_same _____

a = (<tests.ut.transformers.models.nllb_moe.test_modeling_nllb_moe.NllbMoeModelTest testMethod=test_assisted_decoding_matches_greedy_search_1_same>,)
kw = {}

    @wraps(func)
    def standalone_func(*a, **kw):
>       return func(*(a + p.args), **p.kwargs, **kw)

D:\Anaconda\envs\MindSpore\lib\site-packages\parameterized\parameterized.py:620: 
_ _ _ _ _ _ _ _ _ _ _ _ _ _ _ _ _ _ _ _ _ _ _ _ _ _ _ _ _ _ _ _ _ _ _ _ _ _ _ _
mindnlp\utils\testing_utils.py:1770: in wrapper
    return test_func_ref(*args, **kwargs)
tests\ut\transformers\generation\test_utils.py:1156: in test_assisted_decoding_matches_greedy_search
    output_greedy = model.generate(input_ids, attention_mask=attention_mask, **generation_kwargs)
D:\Anaconda\envs\MindSpore\lib\contextlib.py:79: in inner
    return func(*args, **kwds)
mindnlp\transformers\generation\utils.py:1964: in generate
    result = self._sample(
mindnlp\transformers\generation\utils.py:2917: in _sample
    outputs = self(**model_inputs, return_dict=True)
mindnlp\core\nn\modules\module.py:338: in _wrapped_call_impl
    return self._call_impl(*args, **kwargs)
mindnlp\core\nn\modules\module.py:349: in _call_impl
    return forward_call(*args, **kwargs)
mindnlp\transformers\models\nllb_moe\modeling_nllb_moe.py:1727: in forward
    outputs = self.model(
mindnlp\core\nn\modules\module.py:338: in _wrapped_call_impl
    return self._call_impl(*args, **kwargs)
mindnlp\core\nn\modules\module.py:349: in _call_impl
    return forward_call(*args, **kwargs)
mindnlp\transformers\models\nllb_moe\modeling_nllb_moe.py:1617: in forward
    decoder_outputs = self.decoder(
mindnlp\core\nn\modules\module.py:338: in _wrapped_call_impl
    return self._call_impl(*args, **kwargs)
mindnlp\core\nn\modules\module.py:349: in _call_impl
    return forward_call(*args, **kwargs)
mindnlp\transformers\models\nllb_moe\modeling_nllb_moe.py:1457: in forward
    layer_outputs = decoder_layer(
mindnlp\core\nn\modules\module.py:338: in _wrapped_call_impl
    return self._call_impl(*args, **kwargs)
mindnlp\core\nn\modules\module.py:349: in _call_impl
    return forward_call(*args, **kwargs)
mindnlp\transformers\models\nllb_moe\modeling_nllb_moe.py:933: in forward
    hidden_states, router_states = self.ffn(hidden_states, attention_mask)
mindnlp\core\nn\modules\module.py:338: in _wrapped_call_impl
    return self._call_impl(*args, **kwargs)
mindnlp\core\nn\modules\module.py:349: in _call_impl
    return forward_call(*args, **kwargs)
mindnlp\transformers\models\nllb_moe\modeling_nllb_moe.py:547: in forward
    expert_output = expert(masked_hidden_states[idx, token_indices])
mindnlp\core\nn\modules\module.py:338: in _wrapped_call_impl
    return self._call_impl(*args, **kwargs)
mindnlp\core\nn\modules\module.py:349: in _call_impl
    return forward_call(*args, **kwargs)
mindnlp\transformers\models\nllb_moe\modeling_nllb_moe.py:468: in forward
    hidden_states = self.fc1(hidden_states)
mindnlp\core\nn\modules\module.py:338: in _wrapped_call_impl
    return self._call_impl(*args, **kwargs)
mindnlp\core\nn\modules\module.py:349: in _call_impl
    return forward_call(*args, **kwargs)
mindnlp\core\nn\modules\linear.py:60: in forward
    return F.linear(input, self.weight, self.bias)
mindnlp\core\nn\functional.py:172: in linear
    return dense_(input, weight, bias)
D:\Anaconda\envs\MindSpore\lib\site-packages\mindspore\ops\primitive.py:314: in __call__
    return _run_op(self, self.name, args)
D:\Anaconda\envs\MindSpore\lib\site-packages\mindspore\ops\primitive.py:913: in _run_op
    stub = _pynative_executor.run_op_async(obj, op_name, args)
_ _ _ _ _ _ _ _ _ _ _ _ _ _ _ _ _ _ _ _ _ _ _ _ _ _ _ _ _ _ _ _ _ _ _ _ _ _ _ _

self = <mindspore.common.api._PyNativeExecutor object at 0x000001DFBE9C1340>
args = (Prim[Dense]<has_bias=True>, 'Dense', (Tensor(shape=[0], dtype=Float32, value= ), Parameter (name=Parameter, shape=(4, 16), dtype=Float32, requires_grad=True), Parameter (name=Parameter, shape=(4,), dtype=Float32, requires_grad=True)))

    def run_op_async(self, *args):
        """
        Run single op async.
    
        Args:
            args (tuple): Op prim and input arguments.
    
        Return:
            StubNode, result of run op.
        """
>       return self._executor.run_op_async(*args)
E       ValueError: The dim of x should be larger than 1 if the dim of w is 2.
E       
E       ----------------------------------------------------
E       - C++ Call Stack: (For framework developers)
E       ----------------------------------------------------
E       mindspore\core\ops\dense.cc:114 mindspore::ops::DenseInfer::InferShape

D:\Anaconda\envs\MindSpore\lib\site-packages\mindspore\common\api.py:1186: ValueError
_______________ NllbMoeModelTest.test_assisted_decoding_sample ________________

self = <tests.ut.transformers.models.nllb_moe.test_modeling_nllb_moe.NllbMoeModelTest testMethod=test_assisted_decoding_sample>

    def test_assisted_decoding_sample(self):
        # In this test we don't check assisted vs non-assisted output -- seeded assisted decoding with sample will not
        # match sample for the same seed, as the forward pass does not return the exact same logits (due to matmul with
        # different shapes, see https://github.com/huggingface/transformers/issues/25420#issuecomment-1775317535).
        for model_class in self.all_generative_model_classes:
            if model_class._is_stateful:
                self.skipTest(reason="Stateful models don't support assisted generation")
            if any(model_name in model_class.__name__.lower() for model_name in ["fsmt", "reformer"]):
                self.skipTest(reason="Won't fix: old model with different cache format")
            if any(
                model_name in model_class.__name__.lower()
                for model_name in [
                    "bigbirdpegasus",
                    "led",
                    "mega",
                    "speech2text",
                    "git",
                    "prophetnet",
                    "seamlessm4t",
                    "clvp",
                ]
            ):
                self.skipTest(reason="May fix in the future: need model-specific fixes")
    
            # enable cache
            config, input_ids, attention_mask = self._get_input_ids_and_config(batch_size=1)
    
            # NOTE: assisted generation only works with cache on at the moment.
            if not hasattr(config, "use_cache"):
                self.skipTest(reason="This model doesn't support caching")
    
            config.use_cache = True
            config.is_decoder = True
            model = model_class(config).eval()
            # Sets assisted generation arguments such that:
            # a) no EOS is generated, to ensure generation doesn't break early
            # b) the assistant model always generates two tokens when it is called, to ensure the input preparation of
            #    the assistant model is correct
            # c) there are at least two forward passes in the main model, to ensure the input preparation of
            #    the main model is correct
            assistant_model = model
            assistant_model.generation_config.num_assistant_tokens = 2  # see b)
            assistant_model.generation_config.num_assistant_tokens_schedule = "constant"  # see b)
            generation_kwargs = {
                "eos_token_id": -1,  # see a)
                "max_new_tokens": 4,  # see c)
                "num_beams": 1,
                "do_sample": True,
                "assistant_model": assistant_model,
                "output_scores": True,
                "output_logits": True,
                "output_hidden_states": True,
                "output_attentions": self.has_attentions,
                "return_dict_in_generate": True,
            }
>           output_assisted = model.generate(input_ids, attention_mask=attention_mask, **generation_kwargs)

tests\ut\transformers\generation\test_utils.py:1342: 
_ _ _ _ _ _ _ _ _ _ _ _ _ _ _ _ _ _ _ _ _ _ _ _ _ _ _ _ _ _ _ _ _ _ _ _ _ _ _ _
D:\Anaconda\envs\MindSpore\lib\contextlib.py:79: in inner
    return func(*args, **kwds)
mindnlp\transformers\generation\utils.py:1703: in generate
    model_kwargs = self._prepare_encoder_decoder_kwargs_for_generation(
mindnlp\transformers\generation\utils.py:537: in _prepare_encoder_decoder_kwargs_for_generation
    model_kwargs["encoder_outputs"]: ModelOutput = encoder(**encoder_kwargs)
mindnlp\core\nn\modules\module.py:338: in _wrapped_call_impl
    return self._call_impl(*args, **kwargs)
mindnlp\core\nn\modules\module.py:349: in _call_impl
    return forward_call(*args, **kwargs)
mindnlp\transformers\models\nllb_moe\modeling_nllb_moe.py:1151: in forward
    layer_outputs = encoder_layer(
mindnlp\core\nn\modules\module.py:338: in _wrapped_call_impl
    return self._call_impl(*args, **kwargs)
mindnlp\core\nn\modules\module.py:349: in _call_impl
    return forward_call(*args, **kwargs)
mindnlp\transformers\models\nllb_moe\modeling_nllb_moe.py:791: in forward
    hidden_states, router_states = self.ffn(hidden_states, attention_mask)
mindnlp\core\nn\modules\module.py:338: in _wrapped_call_impl
    return self._call_impl(*args, **kwargs)
mindnlp\core\nn\modules\module.py:349: in _call_impl
    return forward_call(*args, **kwargs)
mindnlp\transformers\models\nllb_moe\modeling_nllb_moe.py:547: in forward
    expert_output = expert(masked_hidden_states[idx, token_indices])
mindnlp\core\nn\modules\module.py:338: in _wrapped_call_impl
    return self._call_impl(*args, **kwargs)
mindnlp\core\nn\modules\module.py:349: in _call_impl
    return forward_call(*args, **kwargs)
mindnlp\transformers\models\nllb_moe\modeling_nllb_moe.py:468: in forward
    hidden_states = self.fc1(hidden_states)
mindnlp\core\nn\modules\module.py:338: in _wrapped_call_impl
    return self._call_impl(*args, **kwargs)
mindnlp\core\nn\modules\module.py:349: in _call_impl
    return forward_call(*args, **kwargs)
mindnlp\core\nn\modules\linear.py:60: in forward
    return F.linear(input, self.weight, self.bias)
mindnlp\core\nn\functional.py:172: in linear
    return dense_(input, weight, bias)
D:\Anaconda\envs\MindSpore\lib\site-packages\mindspore\ops\primitive.py:314: in __call__
    return _run_op(self, self.name, args)
D:\Anaconda\envs\MindSpore\lib\site-packages\mindspore\ops\primitive.py:913: in _run_op
    stub = _pynative_executor.run_op_async(obj, op_name, args)
_ _ _ _ _ _ _ _ _ _ _ _ _ _ _ _ _ _ _ _ _ _ _ _ _ _ _ _ _ _ _ _ _ _ _ _ _ _ _ _

self = <mindspore.common.api._PyNativeExecutor object at 0x000001DFBE9C1340>
args = (Prim[Dense]<has_bias=True>, 'Dense', (Tensor(shape=[0], dtype=Float32, value= ), Parameter (name=Parameter, shape=(4, 16), dtype=Float32, requires_grad=True), Parameter (name=Parameter, shape=(4,), dtype=Float32, requires_grad=True)))

    def run_op_async(self, *args):
        """
        Run single op async.
    
        Args:
            args (tuple): Op prim and input arguments.
    
        Return:
            StubNode, result of run op.
        """
>       return self._executor.run_op_async(*args)
E       ValueError: The dim of x should be larger than 1 if the dim of w is 2.
E       
E       ----------------------------------------------------
E       - C++ Call Stack: (For framework developers)
E       ----------------------------------------------------
E       mindspore\core\ops\dense.cc:114 mindspore::ops::DenseInfer::InferShape

D:\Anaconda\envs\MindSpore\lib\site-packages\mindspore\common\api.py:1186: ValueError
___________________ NllbMoeModelTest.test_attention_outputs ___________________

self = <tests.ut.transformers.models.nllb_moe.test_modeling_nllb_moe.NllbMoeModelTest testMethod=test_attention_outputs>

    def test_attention_outputs(self):
        if not self.has_attentions:
            self.skipTest(reason="Model does not output attentions")
    
        config, inputs_dict = self.model_tester.prepare_config_and_inputs_for_common()
        config.return_dict = True
    
        seq_len = getattr(self.model_tester, "seq_length", None)
        decoder_seq_length = getattr(self.model_tester, "decoder_seq_length", seq_len)
        encoder_seq_length = getattr(self.model_tester, "encoder_seq_length", seq_len)
        decoder_key_length = getattr(self.model_tester, "decoder_key_length", decoder_seq_length)
        encoder_key_length = getattr(self.model_tester, "key_length", encoder_seq_length)
        chunk_length = getattr(self.model_tester, "chunk_length", None)
        if chunk_length is not None and hasattr(self.model_tester, "num_hashes"):
            encoder_seq_length = encoder_seq_length * self.model_tester.num_hashes
    
        for model_class in self.all_model_classes:
            inputs_dict["output_attentions"] = True
            inputs_dict["output_hidden_states"] = False
            config.return_dict = True
            model = model_class(config)
            model.eval()
            with no_grad():
>               outputs = model(**self._prepare_for_class(inputs_dict, model_class))

tests\ut\transformers\test_modeling_common.py:843: 
_ _ _ _ _ _ _ _ _ _ _ _ _ _ _ _ _ _ _ _ _ _ _ _ _ _ _ _ _ _ _ _ _ _ _ _ _ _ _ _
mindnlp\core\nn\modules\module.py:338: in _wrapped_call_impl
    return self._call_impl(*args, **kwargs)
mindnlp\core\nn\modules\module.py:349: in _call_impl
    return forward_call(*args, **kwargs)
mindnlp\transformers\models\nllb_moe\modeling_nllb_moe.py:1617: in forward
    decoder_outputs = self.decoder(
mindnlp\core\nn\modules\module.py:338: in _wrapped_call_impl
    return self._call_impl(*args, **kwargs)
mindnlp\core\nn\modules\module.py:349: in _call_impl
    return forward_call(*args, **kwargs)
mindnlp\transformers\models\nllb_moe\modeling_nllb_moe.py:1457: in forward
    layer_outputs = decoder_layer(
mindnlp\core\nn\modules\module.py:338: in _wrapped_call_impl
    return self._call_impl(*args, **kwargs)
mindnlp\core\nn\modules\module.py:349: in _call_impl
    return forward_call(*args, **kwargs)
mindnlp\transformers\models\nllb_moe\modeling_nllb_moe.py:933: in forward
    hidden_states, router_states = self.ffn(hidden_states, attention_mask)
mindnlp\core\nn\modules\module.py:338: in _wrapped_call_impl
    return self._call_impl(*args, **kwargs)
mindnlp\core\nn\modules\module.py:349: in _call_impl
    return forward_call(*args, **kwargs)
mindnlp\transformers\models\nllb_moe\modeling_nllb_moe.py:547: in forward
    expert_output = expert(masked_hidden_states[idx, token_indices])
mindnlp\core\nn\modules\module.py:338: in _wrapped_call_impl
    return self._call_impl(*args, **kwargs)
mindnlp\core\nn\modules\module.py:349: in _call_impl
    return forward_call(*args, **kwargs)
mindnlp\transformers\models\nllb_moe\modeling_nllb_moe.py:468: in forward
    hidden_states = self.fc1(hidden_states)
mindnlp\core\nn\modules\module.py:338: in _wrapped_call_impl
    return self._call_impl(*args, **kwargs)
mindnlp\core\nn\modules\module.py:349: in _call_impl
    return forward_call(*args, **kwargs)
mindnlp\core\nn\modules\linear.py:60: in forward
    return F.linear(input, self.weight, self.bias)
mindnlp\core\nn\functional.py:172: in linear
    return dense_(input, weight, bias)
D:\Anaconda\envs\MindSpore\lib\site-packages\mindspore\ops\primitive.py:314: in __call__
    return _run_op(self, self.name, args)
D:\Anaconda\envs\MindSpore\lib\site-packages\mindspore\ops\primitive.py:913: in _run_op
    stub = _pynative_executor.run_op_async(obj, op_name, args)
_ _ _ _ _ _ _ _ _ _ _ _ _ _ _ _ _ _ _ _ _ _ _ _ _ _ _ _ _ _ _ _ _ _ _ _ _ _ _ _

self = <mindspore.common.api._PyNativeExecutor object at 0x000001DFBE9C1340>
args = (Prim[Dense]<has_bias=True>, 'Dense', (Tensor(shape=[0], dtype=Float32, value= ), Parameter (name=Parameter, shape=(4, 16), dtype=Float32, requires_grad=True), Parameter (name=Parameter, shape=(4,), dtype=Float32, requires_grad=True)))

    def run_op_async(self, *args):
        """
        Run single op async.
    
        Args:
            args (tuple): Op prim and input arguments.
    
        Return:
            StubNode, result of run op.
        """
>       return self._executor.run_op_async(*args)
E       ValueError: The dim of x should be larger than 1 if the dim of w is 2.
E       
E       ----------------------------------------------------
E       - C++ Call Stack: (For framework developers)
E       ----------------------------------------------------
E       mindspore\core\ops\dense.cc:114 mindspore::ops::DenseInfer::InferShape

D:\Anaconda\envs\MindSpore\lib\site-packages\mindspore\common\api.py:1186: ValueError
_________________ NllbMoeModelTest.test_batching_equivalence __________________

self = <tests.ut.transformers.models.nllb_moe.test_modeling_nllb_moe.NllbMoeModelTest testMethod=test_batching_equivalence>

    def test_batching_equivalence(self):
        """
        Tests that the model supports batching and that the output is the nearly the same for the same input in
        different batch sizes.
        (Why "nearly the same" not "exactly the same"? Batching uses different matmul shapes, which often leads to
        different results: https://github.com/huggingface/transformers/issues/25420#issuecomment-1775317535)
        """
    
        def get_tensor_equivalence_function(batched_input):
            # models operating on continuous spaces have higher abs difference than LMs
            # instead, we can rely on cos distance for image/speech models, similar to `diffusers`
            if "input_ids" not in batched_input:
                return lambda tensor1, tensor2: (
                    1.0 - F.cosine_similarity(tensor1.float().flatten(), tensor2.float().flatten(), dim=0, eps=1e-38)
                )
            return lambda tensor1, tensor2: ops.max(ops.abs(tensor1 - tensor2))
    
        def recursive_check(batched_object, single_row_object, model_name, key):
            if isinstance(batched_object, (list, tuple)):
                for batched_object_value, single_row_object_value in zip(batched_object, single_row_object):
                    recursive_check(batched_object_value, single_row_object_value, model_name, key)
            elif isinstance(batched_object, dict):
                for batched_object_value, single_row_object_value in zip(
                    batched_object.values(), single_row_object.values()
                ):
                    recursive_check(batched_object_value, single_row_object_value, model_name, key)
            # do not compare returned loss (0-dim tensor) / codebook ids (int) / caching objects
            elif batched_object is None or not isinstance(batched_object, mindspore.Tensor):
                return
            elif batched_object.ndim == 0:
                return
            else:
                if isinstance(batched_object.dtype, mindspore.dtype.Int):
                    return
                # indexing the first element does not always work
                # e.g. models that output similarity scores of size (N, M) would need to index [0, 0]
                slice_ids = [slice(0, index) for index in single_row_object.shape]
                batched_row = batched_object[slice_ids]
                self.assertFalse(
                    ops.isnan(batched_row).any(), f"Batched output has `nan` in {model_name} for key={key}"
                )
                self.assertFalse(
                    ops.isinf(batched_row).any(), f"Batched output has `inf` in {model_name} for key={key}"
                )
                self.assertFalse(
                    ops.isnan(single_row_object).any(), f"Single row output has `nan` in {model_name} for key={key}"
                )
                self.assertFalse(
                    ops.isinf(single_row_object).any(), f"Single row output has `inf` in {model_name} for key={key}"
                )
                self.assertTrue(
                    (equivalence(batched_row, single_row_object)) <= 1e-03,
                    msg=(
                        f"Batched and Single row outputs are not equal in {model_name} for key={key}. "
                        f"Difference={equivalence(batched_row, single_row_object)}."
                    ),
                )
    
        config, batched_input = self.model_tester.prepare_config_and_inputs_for_common()
        equivalence = get_tensor_equivalence_function(batched_input)
    
        for model_class in self.all_model_classes:
            config.output_hidden_states = True
    
            model_name = model_class.__name__
            if hasattr(self.model_tester, "prepare_config_and_inputs_for_model_class"):
                config, batched_input = self.model_tester.prepare_config_and_inputs_for_model_class(model_class)
    
            batched_input_prepared = self._prepare_for_class(batched_input, model_class)
            model = model_class(config).eval()
    
            batch_size = self.model_tester.batch_size
            single_row_input = {}
            for key, value in batched_input_prepared.items():
                if isinstance(value, mindspore.Tensor) and value.shape[0] % batch_size == 0:
                    # e.g. musicgen has inputs of size (bs*codebooks). in most cases value.shape[0] == batch_size
                    single_batch_shape = value.shape[0] // batch_size
                    single_row_input[key] = value[:single_batch_shape]
                else:
                    single_row_input[key] = value
    
            with no_grad():
>               model_batched_output = model(**batched_input_prepared)

tests\ut\transformers\test_modeling_common.py:729: 
_ _ _ _ _ _ _ _ _ _ _ _ _ _ _ _ _ _ _ _ _ _ _ _ _ _ _ _ _ _ _ _ _ _ _ _ _ _ _ _
mindnlp\core\nn\modules\module.py:338: in _wrapped_call_impl
    return self._call_impl(*args, **kwargs)
mindnlp\core\nn\modules\module.py:349: in _call_impl
    return forward_call(*args, **kwargs)
mindnlp\transformers\models\nllb_moe\modeling_nllb_moe.py:1597: in forward
    encoder_outputs = self.encoder(
mindnlp\core\nn\modules\module.py:338: in _wrapped_call_impl
    return self._call_impl(*args, **kwargs)
mindnlp\core\nn\modules\module.py:349: in _call_impl
    return forward_call(*args, **kwargs)
mindnlp\transformers\models\nllb_moe\modeling_nllb_moe.py:1151: in forward
    layer_outputs = encoder_layer(
mindnlp\core\nn\modules\module.py:338: in _wrapped_call_impl
    return self._call_impl(*args, **kwargs)
mindnlp\core\nn\modules\module.py:349: in _call_impl
    return forward_call(*args, **kwargs)
mindnlp\transformers\models\nllb_moe\modeling_nllb_moe.py:791: in forward
    hidden_states, router_states = self.ffn(hidden_states, attention_mask)
mindnlp\core\nn\modules\module.py:338: in _wrapped_call_impl
    return self._call_impl(*args, **kwargs)
mindnlp\core\nn\modules\module.py:349: in _call_impl
    return forward_call(*args, **kwargs)
mindnlp\transformers\models\nllb_moe\modeling_nllb_moe.py:547: in forward
    expert_output = expert(masked_hidden_states[idx, token_indices])
mindnlp\core\nn\modules\module.py:338: in _wrapped_call_impl
    return self._call_impl(*args, **kwargs)
mindnlp\core\nn\modules\module.py:349: in _call_impl
    return forward_call(*args, **kwargs)
mindnlp\transformers\models\nllb_moe\modeling_nllb_moe.py:468: in forward
    hidden_states = self.fc1(hidden_states)
mindnlp\core\nn\modules\module.py:338: in _wrapped_call_impl
    return self._call_impl(*args, **kwargs)
mindnlp\core\nn\modules\module.py:349: in _call_impl
    return forward_call(*args, **kwargs)
mindnlp\core\nn\modules\linear.py:60: in forward
    return F.linear(input, self.weight, self.bias)
mindnlp\core\nn\functional.py:172: in linear
    return dense_(input, weight, bias)
D:\Anaconda\envs\MindSpore\lib\site-packages\mindspore\ops\primitive.py:314: in __call__
    return _run_op(self, self.name, args)
D:\Anaconda\envs\MindSpore\lib\site-packages\mindspore\ops\primitive.py:913: in _run_op
    stub = _pynative_executor.run_op_async(obj, op_name, args)
_ _ _ _ _ _ _ _ _ _ _ _ _ _ _ _ _ _ _ _ _ _ _ _ _ _ _ _ _ _ _ _ _ _ _ _ _ _ _ _

self = <mindspore.common.api._PyNativeExecutor object at 0x000001DFBE9C1340>
args = (Prim[Dense]<has_bias=True>, 'Dense', (Tensor(shape=[0], dtype=Float32, value= ), Parameter (name=Parameter, shape=(4, 16), dtype=Float32, requires_grad=True), Parameter (name=Parameter, shape=(4,), dtype=Float32, requires_grad=True)))

    def run_op_async(self, *args):
        """
        Run single op async.
    
        Args:
            args (tuple): Op prim and input arguments.
    
        Return:
            StubNode, result of run op.
        """
>       return self._executor.run_op_async(*args)
E       ValueError: The dim of x should be larger than 1 if the dim of w is 2.
E       
E       ----------------------------------------------------
E       - C++ Call Stack: (For framework developers)
E       ----------------------------------------------------
E       mindspore\core\ops\dense.cc:114 mindspore::ops::DenseInfer::InferShape

D:\Anaconda\envs\MindSpore\lib\site-packages\mindspore\common\api.py:1186: ValueError
_________________ NllbMoeModelTest.test_beam_sample_generate __________________

self = <tests.ut.transformers.models.nllb_moe.test_modeling_nllb_moe.NllbMoeModelTest testMethod=test_beam_sample_generate>

    def test_beam_sample_generate(self):
        for model_class in self.all_generative_model_classes:
            config, input_ids, attention_mask = self._get_input_ids_and_config()
    
            _, logits_warper_kwargs = self._get_logits_processor_and_warper_kwargs(input_ids.shape[-1])
    
            model = model_class(config).eval()
            beam_kwargs = self._get_beam_kwargs()
    
>           output_generate = self._beam_sample_generate(
                model=model,
                input_ids=input_ids,
                attention_mask=attention_mask,
                beam_kwargs=beam_kwargs,
                logits_warper_kwargs=logits_warper_kwargs,
            )

tests\ut\transformers\generation\test_utils.py:672: 
_ _ _ _ _ _ _ _ _ _ _ _ _ _ _ _ _ _ _ _ _ _ _ _ _ _ _ _ _ _ _ _ _ _ _ _ _ _ _ _
tests\ut\transformers\generation\test_utils.py:300: in _beam_sample_generate
    output_generate = model.generate(
D:\Anaconda\envs\MindSpore\lib\contextlib.py:79: in inner
    return func(*args, **kwds)
mindnlp\transformers\generation\utils.py:2002: in generate
    result = self._beam_search(
mindnlp\transformers\generation\utils.py:3170: in _beam_search
    outputs = self(**model_inputs, return_dict=True)
mindnlp\core\nn\modules\module.py:338: in _wrapped_call_impl
    return self._call_impl(*args, **kwargs)
mindnlp\core\nn\modules\module.py:349: in _call_impl
    return forward_call(*args, **kwargs)
mindnlp\transformers\models\nllb_moe\modeling_nllb_moe.py:1727: in forward
    outputs = self.model(
mindnlp\core\nn\modules\module.py:338: in _wrapped_call_impl
    return self._call_impl(*args, **kwargs)
mindnlp\core\nn\modules\module.py:349: in _call_impl
    return forward_call(*args, **kwargs)
mindnlp\transformers\models\nllb_moe\modeling_nllb_moe.py:1617: in forward
    decoder_outputs = self.decoder(
mindnlp\core\nn\modules\module.py:338: in _wrapped_call_impl
    return self._call_impl(*args, **kwargs)
mindnlp\core\nn\modules\module.py:349: in _call_impl
    return forward_call(*args, **kwargs)
mindnlp\transformers\models\nllb_moe\modeling_nllb_moe.py:1457: in forward
    layer_outputs = decoder_layer(
mindnlp\core\nn\modules\module.py:338: in _wrapped_call_impl
    return self._call_impl(*args, **kwargs)
mindnlp\core\nn\modules\module.py:349: in _call_impl
    return forward_call(*args, **kwargs)
mindnlp\transformers\models\nllb_moe\modeling_nllb_moe.py:933: in forward
    hidden_states, router_states = self.ffn(hidden_states, attention_mask)
mindnlp\core\nn\modules\module.py:338: in _wrapped_call_impl
    return self._call_impl(*args, **kwargs)
mindnlp\core\nn\modules\module.py:349: in _call_impl
    return forward_call(*args, **kwargs)
mindnlp\transformers\models\nllb_moe\modeling_nllb_moe.py:547: in forward
    expert_output = expert(masked_hidden_states[idx, token_indices])
mindnlp\core\nn\modules\module.py:338: in _wrapped_call_impl
    return self._call_impl(*args, **kwargs)
mindnlp\core\nn\modules\module.py:349: in _call_impl
    return forward_call(*args, **kwargs)
mindnlp\transformers\models\nllb_moe\modeling_nllb_moe.py:468: in forward
    hidden_states = self.fc1(hidden_states)
mindnlp\core\nn\modules\module.py:338: in _wrapped_call_impl
    return self._call_impl(*args, **kwargs)
mindnlp\core\nn\modules\module.py:349: in _call_impl
    return forward_call(*args, **kwargs)
mindnlp\core\nn\modules\linear.py:60: in forward
    return F.linear(input, self.weight, self.bias)
mindnlp\core\nn\functional.py:172: in linear
    return dense_(input, weight, bias)
D:\Anaconda\envs\MindSpore\lib\site-packages\mindspore\ops\primitive.py:314: in __call__
    return _run_op(self, self.name, args)
D:\Anaconda\envs\MindSpore\lib\site-packages\mindspore\ops\primitive.py:913: in _run_op
    stub = _pynative_executor.run_op_async(obj, op_name, args)
_ _ _ _ _ _ _ _ _ _ _ _ _ _ _ _ _ _ _ _ _ _ _ _ _ _ _ _ _ _ _ _ _ _ _ _ _ _ _ _

self = <mindspore.common.api._PyNativeExecutor object at 0x000001DFBE9C1340>
args = (Prim[Dense]<has_bias=True>, 'Dense', (Tensor(shape=[0], dtype=Float32, value= ), Parameter (name=Parameter, shape=(4, 16), dtype=Float32, requires_grad=True), Parameter (name=Parameter, shape=(4,), dtype=Float32, requires_grad=True)))

    def run_op_async(self, *args):
        """
        Run single op async.
    
        Args:
            args (tuple): Op prim and input arguments.
    
        Return:
            StubNode, result of run op.
        """
>       return self._executor.run_op_async(*args)
E       ValueError: The dim of x should be larger than 1 if the dim of w is 2.
E       
E       ----------------------------------------------------
E       - C++ Call Stack: (For framework developers)
E       ----------------------------------------------------
E       mindspore\core\ops\dense.cc:114 mindspore::ops::DenseInfer::InferShape

D:\Anaconda\envs\MindSpore\lib\site-packages\mindspore\common\api.py:1186: ValueError
___________ NllbMoeModelTest.test_beam_sample_generate_dict_output ____________

self = <tests.ut.transformers.models.nllb_moe.test_modeling_nllb_moe.NllbMoeModelTest testMethod=test_beam_sample_generate_dict_output>

    def test_beam_sample_generate_dict_output(self):
        for model_class in self.all_generative_model_classes:
            config, input_ids, attention_mask = self._get_input_ids_and_config()
    
            # disable cache
            config.use_cache = False
    
            model = model_class(config).eval()
            _, logits_warper_kwargs = self._get_logits_processor_and_warper_kwargs(input_ids.shape[-1])
            beam_kwargs = self._get_beam_kwargs()
    
>           output_generate = self._beam_sample_generate(
                model=model,
                input_ids=input_ids,
                attention_mask=attention_mask,
                beam_kwargs=beam_kwargs,
                logits_warper_kwargs=logits_warper_kwargs,
                output_scores=True,
                output_logits=True,
                output_hidden_states=True,
                output_attentions=self.has_attentions,
                return_dict_in_generate=True,
            )

tests\ut\transformers\generation\test_utils.py:709: 
_ _ _ _ _ _ _ _ _ _ _ _ _ _ _ _ _ _ _ _ _ _ _ _ _ _ _ _ _ _ _ _ _ _ _ _ _ _ _ _
tests\ut\transformers\generation\test_utils.py:300: in _beam_sample_generate
    output_generate = model.generate(
D:\Anaconda\envs\MindSpore\lib\contextlib.py:79: in inner
    return func(*args, **kwds)
mindnlp\transformers\generation\utils.py:2002: in generate
    result = self._beam_search(
mindnlp\transformers\generation\utils.py:3170: in _beam_search
    outputs = self(**model_inputs, return_dict=True)
mindnlp\core\nn\modules\module.py:338: in _wrapped_call_impl
    return self._call_impl(*args, **kwargs)
mindnlp\core\nn\modules\module.py:349: in _call_impl
    return forward_call(*args, **kwargs)
mindnlp\transformers\models\nllb_moe\modeling_nllb_moe.py:1727: in forward
    outputs = self.model(
mindnlp\core\nn\modules\module.py:338: in _wrapped_call_impl
    return self._call_impl(*args, **kwargs)
mindnlp\core\nn\modules\module.py:349: in _call_impl
    return forward_call(*args, **kwargs)
mindnlp\transformers\models\nllb_moe\modeling_nllb_moe.py:1617: in forward
    decoder_outputs = self.decoder(
mindnlp\core\nn\modules\module.py:338: in _wrapped_call_impl
    return self._call_impl(*args, **kwargs)
mindnlp\core\nn\modules\module.py:349: in _call_impl
    return forward_call(*args, **kwargs)
mindnlp\transformers\models\nllb_moe\modeling_nllb_moe.py:1457: in forward
    layer_outputs = decoder_layer(
mindnlp\core\nn\modules\module.py:338: in _wrapped_call_impl
    return self._call_impl(*args, **kwargs)
mindnlp\core\nn\modules\module.py:349: in _call_impl
    return forward_call(*args, **kwargs)
mindnlp\transformers\models\nllb_moe\modeling_nllb_moe.py:933: in forward
    hidden_states, router_states = self.ffn(hidden_states, attention_mask)
mindnlp\core\nn\modules\module.py:338: in _wrapped_call_impl
    return self._call_impl(*args, **kwargs)
mindnlp\core\nn\modules\module.py:349: in _call_impl
    return forward_call(*args, **kwargs)
mindnlp\transformers\models\nllb_moe\modeling_nllb_moe.py:547: in forward
    expert_output = expert(masked_hidden_states[idx, token_indices])
mindnlp\core\nn\modules\module.py:338: in _wrapped_call_impl
    return self._call_impl(*args, **kwargs)
mindnlp\core\nn\modules\module.py:349: in _call_impl
    return forward_call(*args, **kwargs)
mindnlp\transformers\models\nllb_moe\modeling_nllb_moe.py:468: in forward
    hidden_states = self.fc1(hidden_states)
mindnlp\core\nn\modules\module.py:338: in _wrapped_call_impl
    return self._call_impl(*args, **kwargs)
mindnlp\core\nn\modules\module.py:349: in _call_impl
    return forward_call(*args, **kwargs)
mindnlp\core\nn\modules\linear.py:60: in forward
    return F.linear(input, self.weight, self.bias)
mindnlp\core\nn\functional.py:172: in linear
    return dense_(input, weight, bias)
D:\Anaconda\envs\MindSpore\lib\site-packages\mindspore\ops\primitive.py:314: in __call__
    return _run_op(self, self.name, args)
D:\Anaconda\envs\MindSpore\lib\site-packages\mindspore\ops\primitive.py:913: in _run_op
    stub = _pynative_executor.run_op_async(obj, op_name, args)
_ _ _ _ _ _ _ _ _ _ _ _ _ _ _ _ _ _ _ _ _ _ _ _ _ _ _ _ _ _ _ _ _ _ _ _ _ _ _ _

self = <mindspore.common.api._PyNativeExecutor object at 0x000001DFBE9C1340>
args = (Prim[Dense]<has_bias=True>, 'Dense', (Tensor(shape=[0], dtype=Float32, value= ), Parameter (name=Parameter, shape=(4, 16), dtype=Float32, requires_grad=True), Parameter (name=Parameter, shape=(4,), dtype=Float32, requires_grad=True)))

    def run_op_async(self, *args):
        """
        Run single op async.
    
        Args:
            args (tuple): Op prim and input arguments.
    
        Return:
            StubNode, result of run op.
        """
>       return self._executor.run_op_async(*args)
E       ValueError: The dim of x should be larger than 1 if the dim of w is 2.
E       
E       ----------------------------------------------------
E       - C++ Call Stack: (For framework developers)
E       ----------------------------------------------------
E       mindspore\core\ops\dense.cc:114 mindspore::ops::DenseInfer::InferShape

D:\Anaconda\envs\MindSpore\lib\site-packages\mindspore\common\api.py:1186: ValueError
_________________ NllbMoeModelTest.test_beam_search_generate __________________

self = <tests.ut.transformers.models.nllb_moe.test_modeling_nllb_moe.NllbMoeModelTest testMethod=test_beam_search_generate>

    def test_beam_search_generate(self):
        for model_class in self.all_generative_model_classes:
            config, input_ids, attention_mask = self._get_input_ids_and_config()
    
            model = model_class(config).eval()
    
            logits_process_kwargs, _ = self._get_logits_processor_and_warper_kwargs(
                input_ids.shape[-1],
                config.forced_bos_token_id,
                config.forced_eos_token_id,
            )
            beam_kwargs = self._get_beam_kwargs()
    
>           output_generate = self._beam_search_generate(
                model=model,
                input_ids=input_ids,
                attention_mask=attention_mask,
                beam_kwargs=beam_kwargs,
                logits_process_kwargs=logits_process_kwargs,
            )

tests\ut\transformers\generation\test_utils.py:566: 
_ _ _ _ _ _ _ _ _ _ _ _ _ _ _ _ _ _ _ _ _ _ _ _ _ _ _ _ _ _ _ _ _ _ _ _ _ _ _ _
tests\ut\transformers\generation\test_utils.py:269: in _beam_search_generate
    output_generate = model.generate(
D:\Anaconda\envs\MindSpore\lib\contextlib.py:79: in inner
    return func(*args, **kwds)
mindnlp\transformers\generation\utils.py:1703: in generate
    model_kwargs = self._prepare_encoder_decoder_kwargs_for_generation(
mindnlp\transformers\generation\utils.py:537: in _prepare_encoder_decoder_kwargs_for_generation
    model_kwargs["encoder_outputs"]: ModelOutput = encoder(**encoder_kwargs)
mindnlp\core\nn\modules\module.py:338: in _wrapped_call_impl
    return self._call_impl(*args, **kwargs)
mindnlp\core\nn\modules\module.py:349: in _call_impl
    return forward_call(*args, **kwargs)
mindnlp\transformers\models\nllb_moe\modeling_nllb_moe.py:1151: in forward
    layer_outputs = encoder_layer(
mindnlp\core\nn\modules\module.py:338: in _wrapped_call_impl
    return self._call_impl(*args, **kwargs)
mindnlp\core\nn\modules\module.py:349: in _call_impl
    return forward_call(*args, **kwargs)
mindnlp\transformers\models\nllb_moe\modeling_nllb_moe.py:791: in forward
    hidden_states, router_states = self.ffn(hidden_states, attention_mask)
mindnlp\core\nn\modules\module.py:338: in _wrapped_call_impl
    return self._call_impl(*args, **kwargs)
mindnlp\core\nn\modules\module.py:349: in _call_impl
    return forward_call(*args, **kwargs)
mindnlp\transformers\models\nllb_moe\modeling_nllb_moe.py:547: in forward
    expert_output = expert(masked_hidden_states[idx, token_indices])
mindnlp\core\nn\modules\module.py:338: in _wrapped_call_impl
    return self._call_impl(*args, **kwargs)
mindnlp\core\nn\modules\module.py:349: in _call_impl
    return forward_call(*args, **kwargs)
mindnlp\transformers\models\nllb_moe\modeling_nllb_moe.py:468: in forward
    hidden_states = self.fc1(hidden_states)
mindnlp\core\nn\modules\module.py:338: in _wrapped_call_impl
    return self._call_impl(*args, **kwargs)
mindnlp\core\nn\modules\module.py:349: in _call_impl
    return forward_call(*args, **kwargs)
mindnlp\core\nn\modules\linear.py:60: in forward
    return F.linear(input, self.weight, self.bias)
mindnlp\core\nn\functional.py:172: in linear
    return dense_(input, weight, bias)
D:\Anaconda\envs\MindSpore\lib\site-packages\mindspore\ops\primitive.py:314: in __call__
    return _run_op(self, self.name, args)
D:\Anaconda\envs\MindSpore\lib\site-packages\mindspore\ops\primitive.py:913: in _run_op
    stub = _pynative_executor.run_op_async(obj, op_name, args)
_ _ _ _ _ _ _ _ _ _ _ _ _ _ _ _ _ _ _ _ _ _ _ _ _ _ _ _ _ _ _ _ _ _ _ _ _ _ _ _

self = <mindspore.common.api._PyNativeExecutor object at 0x000001DFBE9C1340>
args = (Prim[Dense]<has_bias=True>, 'Dense', (Tensor(shape=[0], dtype=Float32, value= ), Parameter (name=Parameter, shape=(4, 16), dtype=Float32, requires_grad=True), Parameter (name=Parameter, shape=(4,), dtype=Float32, requires_grad=True)))

    def run_op_async(self, *args):
        """
        Run single op async.
    
        Args:
            args (tuple): Op prim and input arguments.
    
        Return:
            StubNode, result of run op.
        """
>       return self._executor.run_op_async(*args)
E       ValueError: The dim of x should be larger than 1 if the dim of w is 2.
E       
E       ----------------------------------------------------
E       - C++ Call Stack: (For framework developers)
E       ----------------------------------------------------
E       mindspore\core\ops\dense.cc:114 mindspore::ops::DenseInfer::InferShape

D:\Anaconda\envs\MindSpore\lib\site-packages\mindspore\common\api.py:1186: ValueError
___________ NllbMoeModelTest.test_beam_search_generate_dict_output ____________

self = <tests.ut.transformers.models.nllb_moe.test_modeling_nllb_moe.NllbMoeModelTest testMethod=test_beam_search_generate_dict_output>

    def test_beam_search_generate_dict_output(self):
        for model_class in self.all_generative_model_classes:
            config, input_ids, attention_mask = self._get_input_ids_and_config()
    
            # disable cache
            config.use_cache = False
    
            model = model_class(config).eval()
            logits_process_kwargs, _ = self._get_logits_processor_and_warper_kwargs(
                input_ids.shape[-1],
                config.forced_bos_token_id,
                config.forced_eos_token_id,
            )
            beam_kwargs = self._get_beam_kwargs()
>           output_generate = self._beam_search_generate(
                model=model,
                input_ids=input_ids,
                attention_mask=attention_mask,
                beam_kwargs=beam_kwargs,
                logits_process_kwargs=logits_process_kwargs,
                output_scores=True,
                output_logits=True,
                output_hidden_states=True,
                output_attentions=self.has_attentions,
                return_dict_in_generate=True,
            )

tests\ut\transformers\generation\test_utils.py:593: 
_ _ _ _ _ _ _ _ _ _ _ _ _ _ _ _ _ _ _ _ _ _ _ _ _ _ _ _ _ _ _ _ _ _ _ _ _ _ _ _
tests\ut\transformers\generation\test_utils.py:269: in _beam_search_generate
    output_generate = model.generate(
D:\Anaconda\envs\MindSpore\lib\contextlib.py:79: in inner
    return func(*args, **kwds)
mindnlp\transformers\generation\utils.py:1703: in generate
    model_kwargs = self._prepare_encoder_decoder_kwargs_for_generation(
mindnlp\transformers\generation\utils.py:537: in _prepare_encoder_decoder_kwargs_for_generation
    model_kwargs["encoder_outputs"]: ModelOutput = encoder(**encoder_kwargs)
mindnlp\core\nn\modules\module.py:338: in _wrapped_call_impl
    return self._call_impl(*args, **kwargs)
mindnlp\core\nn\modules\module.py:349: in _call_impl
    return forward_call(*args, **kwargs)
mindnlp\transformers\models\nllb_moe\modeling_nllb_moe.py:1151: in forward
    layer_outputs = encoder_layer(
mindnlp\core\nn\modules\module.py:338: in _wrapped_call_impl
    return self._call_impl(*args, **kwargs)
mindnlp\core\nn\modules\module.py:349: in _call_impl
    return forward_call(*args, **kwargs)
mindnlp\transformers\models\nllb_moe\modeling_nllb_moe.py:791: in forward
    hidden_states, router_states = self.ffn(hidden_states, attention_mask)
mindnlp\core\nn\modules\module.py:338: in _wrapped_call_impl
    return self._call_impl(*args, **kwargs)
mindnlp\core\nn\modules\module.py:349: in _call_impl
    return forward_call(*args, **kwargs)
mindnlp\transformers\models\nllb_moe\modeling_nllb_moe.py:547: in forward
    expert_output = expert(masked_hidden_states[idx, token_indices])
mindnlp\core\nn\modules\module.py:338: in _wrapped_call_impl
    return self._call_impl(*args, **kwargs)
mindnlp\core\nn\modules\module.py:349: in _call_impl
    return forward_call(*args, **kwargs)
mindnlp\transformers\models\nllb_moe\modeling_nllb_moe.py:468: in forward
    hidden_states = self.fc1(hidden_states)
mindnlp\core\nn\modules\module.py:338: in _wrapped_call_impl
    return self._call_impl(*args, **kwargs)
mindnlp\core\nn\modules\module.py:349: in _call_impl
    return forward_call(*args, **kwargs)
mindnlp\core\nn\modules\linear.py:60: in forward
    return F.linear(input, self.weight, self.bias)
mindnlp\core\nn\functional.py:172: in linear
    return dense_(input, weight, bias)
D:\Anaconda\envs\MindSpore\lib\site-packages\mindspore\ops\primitive.py:314: in __call__
    return _run_op(self, self.name, args)
D:\Anaconda\envs\MindSpore\lib\site-packages\mindspore\ops\primitive.py:913: in _run_op
    stub = _pynative_executor.run_op_async(obj, op_name, args)
_ _ _ _ _ _ _ _ _ _ _ _ _ _ _ _ _ _ _ _ _ _ _ _ _ _ _ _ _ _ _ _ _ _ _ _ _ _ _ _

self = <mindspore.common.api._PyNativeExecutor object at 0x000001DFBE9C1340>
args = (Prim[Dense]<has_bias=True>, 'Dense', (Tensor(shape=[0], dtype=Float32, value= ), Parameter (name=Parameter, shape=(4, 16), dtype=Float32, requires_grad=True), Parameter (name=Parameter, shape=(4,), dtype=Float32, requires_grad=True)))

    def run_op_async(self, *args):
        """
        Run single op async.
    
        Args:
            args (tuple): Op prim and input arguments.
    
        Return:
            StubNode, result of run op.
        """
>       return self._executor.run_op_async(*args)
E       ValueError: The dim of x should be larger than 1 if the dim of w is 2.
E       
E       ----------------------------------------------------
E       - C++ Call Stack: (For framework developers)
E       ----------------------------------------------------
E       mindspore\core\ops\dense.cc:114 mindspore::ops::DenseInfer::InferShape

D:\Anaconda\envs\MindSpore\lib\site-packages\mindspore\common\api.py:1186: ValueError
______ NllbMoeModelTest.test_beam_search_generate_dict_outputs_use_cache ______

self = <tests.ut.transformers.models.nllb_moe.test_modeling_nllb_moe.NllbMoeModelTest testMethod=test_beam_search_generate_dict_outputs_use_cache>

    def test_beam_search_generate_dict_outputs_use_cache(self):
        for model_class in self.all_generative_model_classes:
            # enable cache
            config, input_ids, attention_mask = self._get_input_ids_and_config()
    
            if not hasattr(config, "use_cache"):
                self.skipTest(reason="This model doesn't support caching")
            if any(model_name in model_class.__name__.lower() for model_name in ["rwkv"]):
                self.skipTest(reason="Won't fix: model with non-standard dictionary output shapes")
    
            model = model_class(config).eval()
            logits_process_kwargs, _ = self._get_logits_processor_and_warper_kwargs(
                input_ids.shape[-1],
                config.forced_bos_token_id,
                config.forced_eos_token_id,
            )
    
            beam_kwargs = self._get_beam_kwargs()
    
            config.use_cache = True
            config.is_decoder = True
            model = model_class(config).eval()
>           output_generate = self._beam_search_generate(
                model=model,
                input_ids=input_ids,
                attention_mask=attention_mask,
                beam_kwargs=beam_kwargs,
                logits_process_kwargs=logits_process_kwargs,
                output_scores=True,
                output_logits=True,
                output_hidden_states=True,
                output_attentions=self.has_attentions,
                return_dict_in_generate=True,
            )

tests\ut\transformers\generation\test_utils.py:642: 
_ _ _ _ _ _ _ _ _ _ _ _ _ _ _ _ _ _ _ _ _ _ _ _ _ _ _ _ _ _ _ _ _ _ _ _ _ _ _ _
tests\ut\transformers\generation\test_utils.py:269: in _beam_search_generate
    output_generate = model.generate(
D:\Anaconda\envs\MindSpore\lib\contextlib.py:79: in inner
    return func(*args, **kwds)
mindnlp\transformers\generation\utils.py:2002: in generate
    result = self._beam_search(
mindnlp\transformers\generation\utils.py:3170: in _beam_search
    outputs = self(**model_inputs, return_dict=True)
mindnlp\core\nn\modules\module.py:338: in _wrapped_call_impl
    return self._call_impl(*args, **kwargs)
mindnlp\core\nn\modules\module.py:349: in _call_impl
    return forward_call(*args, **kwargs)
mindnlp\transformers\models\nllb_moe\modeling_nllb_moe.py:1727: in forward
    outputs = self.model(
mindnlp\core\nn\modules\module.py:338: in _wrapped_call_impl
    return self._call_impl(*args, **kwargs)
mindnlp\core\nn\modules\module.py:349: in _call_impl
    return forward_call(*args, **kwargs)
mindnlp\transformers\models\nllb_moe\modeling_nllb_moe.py:1617: in forward
    decoder_outputs = self.decoder(
mindnlp\core\nn\modules\module.py:338: in _wrapped_call_impl
    return self._call_impl(*args, **kwargs)
mindnlp\core\nn\modules\module.py:349: in _call_impl
    return forward_call(*args, **kwargs)
mindnlp\transformers\models\nllb_moe\modeling_nllb_moe.py:1457: in forward
    layer_outputs = decoder_layer(
mindnlp\core\nn\modules\module.py:338: in _wrapped_call_impl
    return self._call_impl(*args, **kwargs)
mindnlp\core\nn\modules\module.py:349: in _call_impl
    return forward_call(*args, **kwargs)
mindnlp\transformers\models\nllb_moe\modeling_nllb_moe.py:933: in forward
    hidden_states, router_states = self.ffn(hidden_states, attention_mask)
mindnlp\core\nn\modules\module.py:338: in _wrapped_call_impl
    return self._call_impl(*args, **kwargs)
mindnlp\core\nn\modules\module.py:349: in _call_impl
    return forward_call(*args, **kwargs)
mindnlp\transformers\models\nllb_moe\modeling_nllb_moe.py:547: in forward
    expert_output = expert(masked_hidden_states[idx, token_indices])
mindnlp\core\nn\modules\module.py:338: in _wrapped_call_impl
    return self._call_impl(*args, **kwargs)
mindnlp\core\nn\modules\module.py:349: in _call_impl
    return forward_call(*args, **kwargs)
mindnlp\transformers\models\nllb_moe\modeling_nllb_moe.py:468: in forward
    hidden_states = self.fc1(hidden_states)
mindnlp\core\nn\modules\module.py:338: in _wrapped_call_impl
    return self._call_impl(*args, **kwargs)
mindnlp\core\nn\modules\module.py:349: in _call_impl
    return forward_call(*args, **kwargs)
mindnlp\core\nn\modules\linear.py:60: in forward
    return F.linear(input, self.weight, self.bias)
mindnlp\core\nn\functional.py:172: in linear
    return dense_(input, weight, bias)
D:\Anaconda\envs\MindSpore\lib\site-packages\mindspore\ops\primitive.py:314: in __call__
    return _run_op(self, self.name, args)
D:\Anaconda\envs\MindSpore\lib\site-packages\mindspore\ops\primitive.py:913: in _run_op
    stub = _pynative_executor.run_op_async(obj, op_name, args)
_ _ _ _ _ _ _ _ _ _ _ _ _ _ _ _ _ _ _ _ _ _ _ _ _ _ _ _ _ _ _ _ _ _ _ _ _ _ _ _

self = <mindspore.common.api._PyNativeExecutor object at 0x000001DFBE9C1340>
args = (Prim[Dense]<has_bias=True>, 'Dense', (Tensor(shape=[0], dtype=Float32, value= ), Parameter (name=Parameter, shape=(4, 16), dtype=Float32, requires_grad=True), Parameter (name=Parameter, shape=(4,), dtype=Float32, requires_grad=True)))

    def run_op_async(self, *args):
        """
        Run single op async.
    
        Args:
            args (tuple): Op prim and input arguments.
    
        Return:
            StubNode, result of run op.
        """
>       return self._executor.run_op_async(*args)
E       ValueError: The dim of x should be larger than 1 if the dim of w is 2.
E       
E       ----------------------------------------------------
E       - C++ Call Stack: (For framework developers)
E       ----------------------------------------------------
E       mindspore\core\ops\dense.cc:114 mindspore::ops::DenseInfer::InferShape

D:\Anaconda\envs\MindSpore\lib\site-packages\mindspore\common\api.py:1186: ValueError
________________ NllbMoeModelTest.test_beam_search_low_memory _________________

self = <tests.ut.transformers.models.nllb_moe.test_modeling_nllb_moe.NllbMoeModelTest testMethod=test_beam_search_low_memory>

    def test_beam_search_low_memory(self):
        # Check that choosing 'low_memory' does not change the model output
        for model_class in self.all_generative_model_classes:
            if model_class._is_stateful:
                self.skipTest(reason="May fix in the future: need custom cache handling")
            if any(model_name in model_class.__name__.lower() for model_name in ["fsmt", "reformer"]):
                self.skipTest(reason="Won't fix: old model with different cache format")
            if any(
                model_name in model_class.__name__.lower()
                for model_name in [
                    "ctrl",
                    "gptbigcode",
                    "transo_xl",
                    "xlnet",
                    "cpm",
                    "jamba",
                ]
            ):
                self.skipTest(reason="May fix in the future: need model-specific fixes")
            config, input_ids, _ = self._get_input_ids_and_config(batch_size=2)
            # batch_size=1 is ok, but batch_size>1 will cause non-identical output
    
            config.use_cache = True
            config.is_decoder = True
    
            # test output equality of low versus high memory
            model = model_class(config).eval()
    
>           low_output = model.generate(input_ids, max_new_tokens=8, num_beams=5, early_stopping=True, low_memory=True)

tests\ut\transformers\generation\test_utils.py:1088: 
_ _ _ _ _ _ _ _ _ _ _ _ _ _ _ _ _ _ _ _ _ _ _ _ _ _ _ _ _ _ _ _ _ _ _ _ _ _ _ _
D:\Anaconda\envs\MindSpore\lib\contextlib.py:79: in inner
    return func(*args, **kwds)
mindnlp\transformers\generation\utils.py:2002: in generate
    result = self._beam_search(
mindnlp\transformers\generation\utils.py:3163: in _beam_search
    outputs_per_sub_batch = [
mindnlp\transformers\generation\utils.py:3164: in <listcomp>
[...]
args = (Prim[Dense]<has_bias=True>, 'Dense', (Tensor(shape=[0], dtype=Float32, value= ), Parameter (name=Parameter, shape=(4, 16), dtype=Float32, requires_grad=True), Parameter (name=Parameter, shape=(4,), dtype=Float32, requires_grad=True)))

    def run_op_async(self, *args):
        """
        Run single op async.
    
        Args:
            args (tuple): Op prim and input arguments.
    
        Return:
            StubNode, result of run op.
        """
>       return self._executor.run_op_async(*args)
E       ValueError: The dim of x should be larger than 1 if the dim of w is 2.
E       
E       ----------------------------------------------------
E       - C++ Call Stack: (For framework developers)
E       ----------------------------------------------------
E       mindspore\core\ops\dense.cc:114 mindspore::ops::DenseInfer::InferShape

D:\Anaconda\envs\MindSpore\lib\site-packages\mindspore\common\api.py:1186: ValueError
______________ NllbMoeModelTest.test_sample_generate_dict_output ______________

self = <tests.ut.transformers.models.nllb_moe.test_modeling_nllb_moe.NllbMoeModelTest testMethod=test_sample_generate_dict_output>

    def test_sample_generate_dict_output(self):
        for model_class in self.all_generative_model_classes:
            config, input_ids, attention_mask = self._get_input_ids_and_config()
    
            config.use_cache = False
            model = model_class(config).eval()
    
            process_kwargs, logits_warper_kwargs = self._get_logits_processor_and_warper_kwargs(
                input_ids.shape[-1],
                forced_bos_token_id=model.config.forced_bos_token_id,
                forced_eos_token_id=model.config.forced_eos_token_id,
            )
>           output_generate = self._sample_generate(
                model=model,
                input_ids=input_ids,
                attention_mask=attention_mask,
                num_return_sequences=2,
                logits_warper_kwargs=logits_warper_kwargs,
                process_kwargs=process_kwargs,
                output_scores=True,
                output_logits=True,
                output_hidden_states=True,
                output_attentions=self.has_attentions,
                return_dict_in_generate=True,
            )

tests\ut\transformers\generation\test_utils.py:526: 
_ _ _ _ _ _ _ _ _ _ _ _ _ _ _ _ _ _ _ _ _ _ _ _ _ _ _ _ _ _ _ _ _ _ _ _ _ _ _ _
tests\ut\transformers\generation\test_utils.py:237: in _sample_generate
    output_generate = model.generate(
D:\Anaconda\envs\MindSpore\lib\contextlib.py:79: in inner
    return func(*args, **kwds)
mindnlp\transformers\generation\utils.py:1964: in generate
    result = self._sample(
mindnlp\transformers\generation\utils.py:2917: in _sample
    outputs = self(**model_inputs, return_dict=True)
mindnlp\core\nn\modules\module.py:338: in _wrapped_call_impl
    return self._call_impl(*args, **kwargs)
mindnlp\core\nn\modules\module.py:349: in _call_impl
    return forward_call(*args, **kwargs)
mindnlp\transformers\models\nllb_moe\modeling_nllb_moe.py:1727: in forward
    outputs = self.model(
mindnlp\core\nn\modules\module.py:338: in _wrapped_call_impl
    return self._call_impl(*args, **kwargs)
mindnlp\core\nn\modules\module.py:349: in _call_impl
    return forward_call(*args, **kwargs)
mindnlp\transformers\models\nllb_moe\modeling_nllb_moe.py:1617: in forward
    decoder_outputs = self.decoder(
mindnlp\core\nn\modules\module.py:338: in _wrapped_call_impl
    return self._call_impl(*args, **kwargs)
mindnlp\core\nn\modules\module.py:349: in _call_impl
    return forward_call(*args, **kwargs)
mindnlp\transformers\models\nllb_moe\modeling_nllb_moe.py:1457: in forward
    layer_outputs = decoder_layer(
mindnlp\core\nn\modules\module.py:338: in _wrapped_call_impl
    return self._call_impl(*args, **kwargs)
mindnlp\core\nn\modules\module.py:349: in _call_impl
    return forward_call(*args, **kwargs)
mindnlp\transformers\models\nllb_moe\modeling_nllb_moe.py:933: in forward
    hidden_states, router_states = self.ffn(hidden_states, attention_mask)
mindnlp\core\nn\modules\module.py:338: in _wrapped_call_impl
    return self._call_impl(*args, **kwargs)
mindnlp\core\nn\modules\module.py:349: in _call_impl
    return forward_call(*args, **kwargs)
mindnlp\transformers\models\nllb_moe\modeling_nllb_moe.py:547: in forward
    expert_output = expert(masked_hidden_states[idx, token_indices])
mindnlp\core\nn\modules\module.py:338: in _wrapped_call_impl
    return self._call_impl(*args, **kwargs)
mindnlp\core\nn\modules\module.py:349: in _call_impl
    return forward_call(*args, **kwargs)
mindnlp\transformers\models\nllb_moe\modeling_nllb_moe.py:468: in forward
    hidden_states = self.fc1(hidden_states)
mindnlp\core\nn\modules\module.py:338: in _wrapped_call_impl
    return self._call_impl(*args, **kwargs)
mindnlp\core\nn\modules\module.py:349: in _call_impl
    return forward_call(*args, **kwargs)
mindnlp\core\nn\modules\linear.py:60: in forward
    return F.linear(input, self.weight, self.bias)
mindnlp\core\nn\functional.py:172: in linear
    return dense_(input, weight, bias)
D:\Anaconda\envs\MindSpore\lib\site-packages\mindspore\ops\primitive.py:314: in __call__
    return _run_op(self, self.name, args)
D:\Anaconda\envs\MindSpore\lib\site-packages\mindspore\ops\primitive.py:913: in _run_op
    stub = _pynative_executor.run_op_async(obj, op_name, args)
_ _ _ _ _ _ _ _ _ _ _ _ _ _ _ _ _ _ _ _ _ _ _ _ _ _ _ _ _ _ _ _ _ _ _ _ _ _ _ _

self = <mindspore.common.api._PyNativeExecutor object at 0x000001DFBE9C1340>
args = (Prim[Dense]<has_bias=True>, 'Dense', (Tensor(shape=[0], dtype=Float32, value= ), Parameter (name=Parameter, shape=(4, 16), dtype=Float32, requires_grad=True), Parameter (name=Parameter, shape=(4,), dtype=Float32, requires_grad=True)))

    def run_op_async(self, *args):
        """
        Run single op async.
    
        Args:
            args (tuple): Op prim and input arguments.
    
        Return:
            StubNode, result of run op.
        """
>       return self._executor.run_op_async(*args)
E       ValueError: The dim of x should be larger than 1 if the dim of w is 2.
E       
E       ----------------------------------------------------
E       - C++ Call Stack: (For framework developers)
E       ----------------------------------------------------
E       mindspore\core\ops\dense.cc:114 mindspore::ops::DenseInfer::InferShape

D:\Anaconda\envs\MindSpore\lib\site-packages\mindspore\common\api.py:1186: ValueError
_______________________ NllbMoeModelTest.test_save_load _______________________

self = <tests.ut.transformers.models.nllb_moe.test_modeling_nllb_moe.NllbMoeModelTest testMethod=test_save_load>

    def test_save_load(self):
        config, inputs_dict = self.model_tester.prepare_config_and_inputs_for_common()
    
        def check_save_load(out1, out2):
            # make sure we don't have nans
            out_2 = out2.asnumpy()
            out_2[np.isnan(out_2)] = 0
            out_2 = out_2[~np.isneginf(out_2)]
    
            out_1 = out1.asnumpy()
            out_1[np.isnan(out_1)] = 0
            out_1 = out_1[~np.isneginf(out_1)]
            max_diff = np.amax(np.abs(out_1 - out_2))
            self.assertLessEqual(max_diff, 1e-5)
    
        for model_class in self.all_model_classes:
            model = model_class(config)
            model.eval()
            with no_grad():
>               first = model(**self._prepare_for_class(inputs_dict, model_class))[0]

tests\ut\transformers\test_modeling_common.py:241: 
_ _ _ _ _ _ _ _ _ _ _ _ _ _ _ _ _ _ _ _ _ _ _ _ _ _ _ _ _ _ _ _ _ _ _ _ _ _ _ _
mindnlp\core\nn\modules\module.py:338: in _wrapped_call_impl
    return self._call_impl(*args, **kwargs)
mindnlp\core\nn\modules\module.py:349: in _call_impl
    return forward_call(*args, **kwargs)
mindnlp\transformers\models\nllb_moe\modeling_nllb_moe.py:1617: in forward
    decoder_outputs = self.decoder(
mindnlp\core\nn\modules\module.py:338: in _wrapped_call_impl
    return self._call_impl(*args, **kwargs)
mindnlp\core\nn\modules\module.py:349: in _call_impl
    return forward_call(*args, **kwargs)
mindnlp\transformers\models\nllb_moe\modeling_nllb_moe.py:1457: in forward
    layer_outputs = decoder_layer(
mindnlp\core\nn\modules\module.py:338: in _wrapped_call_impl
    return self._call_impl(*args, **kwargs)
mindnlp\core\nn\modules\module.py:349: in _call_impl
    return forward_call(*args, **kwargs)
mindnlp\transformers\models\nllb_moe\modeling_nllb_moe.py:933: in forward
    hidden_states, router_states = self.ffn(hidden_states, attention_mask)
mindnlp\core\nn\modules\module.py:338: in _wrapped_call_impl
    return self._call_impl(*args, **kwargs)
mindnlp\core\nn\modules\module.py:349: in _call_impl
    return forward_call(*args, **kwargs)
mindnlp\transformers\models\nllb_moe\modeling_nllb_moe.py:547: in forward
    expert_output = expert(masked_hidden_states[idx, token_indices])
mindnlp\core\nn\modules\module.py:338: in _wrapped_call_impl
    return self._call_impl(*args, **kwargs)
mindnlp\core\nn\modules\module.py:349: in _call_impl
    return forward_call(*args, **kwargs)
mindnlp\transformers\models\nllb_moe\modeling_nllb_moe.py:468: in forward
    hidden_states = self.fc1(hidden_states)
mindnlp\core\nn\modules\module.py:338: in _wrapped_call_impl
    return self._call_impl(*args, **kwargs)
mindnlp\core\nn\modules\module.py:349: in _call_impl
    return forward_call(*args, **kwargs)
mindnlp\core\nn\modules\linear.py:60: in forward
    return F.linear(input, self.weight, self.bias)
mindnlp\core\nn\functional.py:172: in linear
    return dense_(input, weight, bias)
D:\Anaconda\envs\MindSpore\lib\site-packages\mindspore\ops\primitive.py:314: in __call__
    return _run_op(self, self.name, args)
D:\Anaconda\envs\MindSpore\lib\site-packages\mindspore\ops\primitive.py:913: in _run_op
    stub = _pynative_executor.run_op_async(obj, op_name, args)
_ _ _ _ _ _ _ _ _ _ _ _ _ _ _ _ _ _ _ _ _ _ _ _ _ _ _ _ _ _ _ _ _ _ _ _ _ _ _ _

self = <mindspore.common.api._PyNativeExecutor object at 0x000001DFBE9C1340>
args = (Prim[Dense]<has_bias=True>, 'Dense', (Tensor(shape=[0], dtype=Float32, value= ), Parameter (name=Parameter, shape=(4, 16), dtype=Float32, requires_grad=True), Parameter (name=Parameter, shape=(4,), dtype=Float32, requires_grad=True)))

    def run_op_async(self, *args):
        """
        Run single op async.
    
        Args:
            args (tuple): Op prim and input arguments.
    
        Return:
            StubNode, result of run op.
        """
>       return self._executor.run_op_async(*args)
E       ValueError: The dim of x should be larger than 1 if the dim of w is 2.
E       
E       ----------------------------------------------------
E       - C++ Call Stack: (For framework developers)
E       ----------------------------------------------------
E       mindspore\core\ops\dense.cc:114 mindspore::ops::DenseInfer::InferShape

D:\Anaconda\envs\MindSpore\lib\site-packages\mindspore\common\api.py:1186: ValueError
______________ NllbMoeRouterTest.test_batch_prioritized_routing _______________

self = <tests.ut.transformers.models.nllb_moe.test_modeling_nllb_moe.NllbMoeRouterTest testMethod=test_batch_prioritized_routing>

    def test_batch_prioritized_routing(self):
        set_seed(0)
        config = NllbMoeConfig(
            num_experts=4,
            hidden_size=32,
            d_ff=16,
            expert_capacity=4,
            second_expert_policy="random",
        )
        mask = ops.zeros(
            (self.batch_size * self.sequence_length), dtype=mindspore.bool_
        )
        logits = ops.rand((self.batch_size * self.sequence_length, 4))
        config.batch_prioritized_routing = True
        router = NllbMoeTop2Router(config)
        top_1_mask, _ = router.route_tokens(logits, padding_mask=mask)
        # check that the routing is batch first. One of the last token is routed while expert capacity is very small
        # this means that it had a greater probability of being routed
>       assert top_1_mask[-1, 0] == 1
E       assert Tensor(shape=[], dtype=Int64, value= 0) == 1

tests\ut\transformers\models\nllb_moe\test_modeling_nllb_moe.py:635: AssertionError
____________________ NllbMoeRouterTest.test_top_2_routing _____________________

self = <tests.ut.transformers.models.nllb_moe.test_modeling_nllb_moe.NllbMoeRouterTest testMethod=test_top_2_routing>

    def test_top_2_routing(self):
        # test routing with minimal reproduction
        mask = ops.ones((self.batch_size, self.sequence_length), dtype=mindspore.bool_)
        mask[0][0] = False
        mask[1][0] = False
        mask = mask.reshape(-1)
        set_seed(0)
        hidden_states = ops.rand(
            (self.batch_size, self.sequence_length, self.config.hidden_size)
        )
        classfier = nn.Linear(self.config.hidden_size, self.config.num_experts)
        hf_router = NllbMoeTop2Router(self.config)
    
        _, _, hidden_dim = hidden_states.shape
        logits = classfier(
            hidden_states.reshape((self.batch_size * self.sequence_length), hidden_dim)
        )
        top_1_mask, router_probs = hf_router.route_tokens(logits, padding_mask=mask)
        ops.argmax(top_1_mask, dim=-1)
        router_mask = router_probs.bool()
        set_seed(0)
        experts = [
            nn.Linear(hidden_dim, hidden_dim),
            nn.Linear(hidden_dim, hidden_dim),
            nn.Linear(hidden_dim, hidden_dim),
            nn.Linear(hidden_dim, hidden_dim),
        ]
        hidden_states = hidden_states.reshape(
            (self.batch_size * self.sequence_length), hidden_dim
        )
        masked_hidden_states = ops.einsum("bm,be->ebm", hidden_states, router_mask)
        for idx, expert in enumerate(experts):
            token_indices = router_mask[:, idx]
    
            # µ÷ÊÔÐÅÏ¢
            print(f"token_indices.shape: {token_indices.shape}")
            print(f"masked_hidden_states[idx, token_indices].shape: {masked_hidden_states[idx, token_indices].shape}")
    
            combining_weights = router_probs[token_indices, idx]
            expert_output = expert(masked_hidden_states[idx, token_indices])
    
            print(f"expert_output.shape: {expert_output.shape}")
>           exit(0)

tests\ut\transformers\models\nllb_moe\test_modeling_nllb_moe.py:600: 
_ _ _ _ _ _ _ _ _ _ _ _ _ _ _ _ _ _ _ _ _ _ _ _ _ _ _ _ _ _ _ _ _ _ _ _ _ _ _ _

self = Use exit() or Ctrl-Z plus Return to exit, code = 0

    def __call__(self, code=None):
        # Shells like IDLE catch the SystemExit, but listen when their
        # stdin wrapper is closed.
        try:
            sys.stdin.close()
        except:
            pass
>       raise SystemExit(code)
E       SystemExit: 0

D:\Anaconda\envs\MindSpore\lib\_sitebuiltins.py:26: SystemExit
=========================== short test summary info ===========================
FAILED tests\ut\transformers\models\nllb_moe\test_modeling_nllb_moe.py::NllbMoeModelTest::test_assisted_decoding_matches_greedy_search_0_random
FAILED tests\ut\transformers\models\nllb_moe\test_modeling_nllb_moe.py::NllbMoeModelTest::test_assisted_decoding_matches_greedy_search_1_same
FAILED tests\ut\transformers\models\nllb_moe\test_modeling_nllb_moe.py::NllbMoeModelTest::test_assisted_decoding_sample
FAILED tests\ut\transformers\models\nllb_moe\test_modeling_nllb_moe.py::NllbMoeModelTest::test_attention_outputs
FAILED tests\ut\transformers\models\nllb_moe\test_modeling_nllb_moe.py::NllbMoeModelTest::test_batching_equivalence
FAILED tests\ut\transformers\models\nllb_moe\test_modeling_nllb_moe.py::NllbMoeModelTest::test_beam_sample_generate
FAILED tests\ut\transformers\models\nllb_moe\test_modeling_nllb_moe.py::NllbMoeModelTest::test_beam_sample_generate_dict_output
FAILED tests\ut\transformers\models\nllb_moe\test_modeling_nllb_moe.py::NllbMoeModelTest::test_beam_search_generate
FAILED tests\ut\transformers\models\nllb_moe\test_modeling_nllb_moe.py::NllbMoeModelTest::test_beam_search_generate_dict_output
FAILED tests\ut\transformers\models\nllb_moe\test_modeling_nllb_moe.py::NllbMoeModelTest::test_beam_search_generate_dict_outputs_use_cache
FAILED tests\ut\transformers\models\nllb_moe\test_modeling_nllb_moe.py::NllbMoeModelTest::test_beam_search_low_memory
FAILED tests\ut\transformers\models\nllb_moe\test_modeling_nllb_moe.py::NllbMoeModelTest::test_constrained_beam_search_generate
FAILED tests\ut\transformers\models\nllb_moe\test_modeling_nllb_moe.py::NllbMoeModelTest::test_constrained_beam_search_generate_dict_output
FAILED tests\ut\transformers\models\nllb_moe\test_modeling_nllb_moe.py::NllbMoeModelTest::test_contrastive_generate
FAILED tests\ut\transformers\models\nllb_moe\test_modeling_nllb_moe.py::NllbMoeModelTest::test_contrastive_generate_dict_outputs_use_cache
FAILED tests\ut\transformers\models\nllb_moe\test_modeling_nllb_moe.py::NllbMoeModelTest::test_contrastive_generate_low_memory
FAILED tests\ut\transformers\models\nllb_moe\test_modeling_nllb_moe.py::NllbMoeModelTest::test_decoder_model_past_with_large_inputs
FAILED tests\ut\transformers\models\nllb_moe\test_modeling_nllb_moe.py::NllbMoeModelTest::test_determinism
FAILED tests\ut\transformers\models\nllb_moe\test_modeling_nllb_moe.py::NllbMoeModelTest::test_feed_forward_chunking
FAILED tests\ut\transformers\models\nllb_moe\test_modeling_nllb_moe.py::NllbMoeModelTest::test_generate_continue_from_past_key_values
FAILED tests\ut\transformers\models\nllb_moe\test_modeling_nllb_moe.py::NllbMoeModelTest::test_generate_fp16
FAILED tests\ut\transformers\models\nllb_moe\test_modeling_nllb_moe.py::NllbMoeModelTest::test_generate_with_head_masking
FAILED tests\ut\transformers\models\nllb_moe\test_modeling_nllb_moe.py::NllbMoeModelTest::test_generate_without_input_ids
FAILED tests\ut\transformers\models\nllb_moe\test_modeling_nllb_moe.py::NllbMoeModelTest::test_get_loss
FAILED tests\ut\transformers\models\nllb_moe\test_modeling_nllb_moe.py::NllbMoeModelTest::test_greedy_generate
FAILED tests\ut\transformers\models\nllb_moe\test_modeling_nllb_moe.py::NllbMoeModelTest::test_greedy_generate_dict_outputs
FAILED tests\ut\transformers\models\nllb_moe\test_modeling_nllb_moe.py::NllbMoeModelTest::test_greedy_generate_dict_outputs_use_cache
FAILED tests\ut\transformers\models\nllb_moe\test_modeling_nllb_moe.py::NllbMoeModelTest::test_group_beam_search_generate
FAILED tests\ut\transformers\models\nllb_moe\test_modeling_nllb_moe.py::NllbMoeModelTest::test_group_beam_search_generate_dict_output
FAILED tests\ut\transformers\models\nllb_moe\test_modeling_nllb_moe.py::NllbMoeModelTest::test_headmasking
FAILED tests\ut\transformers\models\nllb_moe\test_modeling_nllb_moe.py::NllbMoeModelTest::test_hidden_states_output
FAILED tests\ut\transformers\models\nllb_moe\test_modeling_nllb_moe.py::NllbMoeModelTest::test_inputs_embeds
FAILED tests\ut\transformers\models\nllb_moe\test_modeling_nllb_moe.py::NllbMoeModelTest::test_inputs_embeds_matches_input_ids
FAILED tests\ut\transformers\models\nllb_moe\test_modeling_nllb_moe.py::NllbMoeModelTest::test_model_outputs_equivalence
FAILED tests\ut\transformers\models\nllb_moe\test_modeling_nllb_moe.py::NllbMoeModelTest::test_prompt_lookup_decoding_matches_greedy_search
FAILED tests\ut\transformers\models\nllb_moe\test_modeling_nllb_moe.py::NllbMoeModelTest::test_resize_tokens_embeddings
FAILED tests\ut\transformers\models\nllb_moe\test_modeling_nllb_moe.py::NllbMoeModelTest::test_sample_generate
FAILED tests\ut\transformers\models\nllb_moe\test_modeling_nllb_moe.py::NllbMoeModelTest::test_sample_generate_dict_output
FAILED tests\ut\transformers\models\nllb_moe\test_modeling_nllb_moe.py::NllbMoeModelTest::test_save_load
FAILED tests\ut\transformers\models\nllb_moe\test_modeling_nllb_moe.py::NllbMoeRouterTest::test_batch_prioritized_routing
FAILED tests\ut\transformers\models\nllb_moe\test_modeling_nllb_moe.py::NllbMoeRouterTest::test_top_2_routing
================= 41 failed, 26 passed, 22 skipped in 34.43s ==================
